check_sizeof: checking size of int_least8_t... -------------------- 1

"clang -arch x86_64 -I../../../.ext/include/x86_64-darwin -I/Users/hiro/Library/Caches/CocoaPods/Pods/External/CRuby/193c1c8340a477e394e63f996e6fccdb/ruby/include -I/Users/hiro/Library/Caches/CocoaPods/Pods/External/CRuby/193c1c8340a477e394e63f996e6fccdb/ruby/ext/rbconfig/sizeof -pipe -Os -isysroot /Applications/Xcode.app/Contents/Developer/Platforms/iPhoneSimulator.platform/Developer/SDKs/iPhoneSimulator10.1.sdk -miphoneos-version-min=7.0 -D_XOPEN_SOURCE -D_DARWIN_C_SOURCE -D_DARWIN_UNLIMITED_SELECT -D_REENTRANT   -pipe -Os -isysroot /Applications/Xcode.app/Contents/Developer/Platforms/iPhoneSimulator.platform/Developer/SDKs/iPhoneSimulator10.1.sdk -miphoneos-version-min=7.0 -fvisibility=hidden  -arch x86_64  -c conftest.c"
conftest.c:7:20: error: 'conftest_const' declared as an array with a negative size
int conftest_const[(sizeof((*rbcv_ptr_)) < 0) ? 1 : -1];
                   ^~~~~~~~~~~~~~~~~~~~~~~~~~~~~~~~~~~
1 error generated.
checked program was:
/* begin */
1: #include "ruby.h"
2: 
3: typedef int_least8_t rbcv_typedef_;
4: rbcv_typedef_ *rbcv_ptr_;
5: 
6: /*top*/
7: int conftest_const[(sizeof((*rbcv_ptr_)) < 0) ? 1 : -1];
/* end */

"clang -arch x86_64 -o conftest -I../../../.ext/include/x86_64-darwin -I/Users/hiro/Library/Caches/CocoaPods/Pods/External/CRuby/193c1c8340a477e394e63f996e6fccdb/ruby/include -I/Users/hiro/Library/Caches/CocoaPods/Pods/External/CRuby/193c1c8340a477e394e63f996e6fccdb/ruby/ext/rbconfig/sizeof -pipe -Os -isysroot /Applications/Xcode.app/Contents/Developer/Platforms/iPhoneSimulator.platform/Developer/SDKs/iPhoneSimulator10.1.sdk -miphoneos-version-min=7.0 -D_XOPEN_SOURCE -D_DARWIN_C_SOURCE -D_DARWIN_UNLIMITED_SELECT -D_REENTRANT   -pipe -Os -isysroot /Applications/Xcode.app/Contents/Developer/Platforms/iPhoneSimulator.platform/Developer/SDKs/iPhoneSimulator10.1.sdk -miphoneos-version-min=7.0 -fvisibility=hidden conftest.c  -L. -L../../.. -L. -pipe -Os -isysroot /Applications/Xcode.app/Contents/Developer/Platforms/iPhoneSimulator.platform/Developer/SDKs/iPhoneSimulator10.1.sdk -miphoneos-version-min=7.0 -L/Applications/Xcode.app/Contents/Developer/Platforms/iPhoneSimulator.platform/Developer/SDKs/iPhoneSimulator10.1.sdk/usr/lib -lSystem -fstack-protector -L/usr/local/lib   -arch x86_64   -lruby-static -framework CoreFoundation  -lpthread -ldl -lobjc "
checked program was:
/* begin */
 1: #include "ruby.h"
 2: 
 3: typedef int_least8_t rbcv_typedef_;
 4: rbcv_typedef_ *rbcv_ptr_;
 5: 
 6: #include <stdio.h>
 7: /*top*/
 8: typedef unsigned
 9: #ifdef PRI_LL_PREFIX
10: #define PRI_CONFTEST_PREFIX PRI_LL_PREFIX
11: LONG_LONG
12: #else
13: #define PRI_CONFTEST_PREFIX "l"
14: long
15: #endif
16: conftest_type;
17: conftest_type conftest_const = (conftest_type)(sizeof((*rbcv_ptr_)));
18: int main() {printf("%"PRI_CONFTEST_PREFIX"u\n", conftest_const); return 0;}
/* end */

./conftest |
--------------------

check_sizeof: checking size of int_least16_t... -------------------- 2

"clang -arch x86_64 -I../../../.ext/include/x86_64-darwin -I/Users/hiro/Library/Caches/CocoaPods/Pods/External/CRuby/193c1c8340a477e394e63f996e6fccdb/ruby/include -I/Users/hiro/Library/Caches/CocoaPods/Pods/External/CRuby/193c1c8340a477e394e63f996e6fccdb/ruby/ext/rbconfig/sizeof -pipe -Os -isysroot /Applications/Xcode.app/Contents/Developer/Platforms/iPhoneSimulator.platform/Developer/SDKs/iPhoneSimulator10.1.sdk -miphoneos-version-min=7.0 -D_XOPEN_SOURCE -D_DARWIN_C_SOURCE -D_DARWIN_UNLIMITED_SELECT -D_REENTRANT   -pipe -Os -isysroot /Applications/Xcode.app/Contents/Developer/Platforms/iPhoneSimulator.platform/Developer/SDKs/iPhoneSimulator10.1.sdk -miphoneos-version-min=7.0 -fvisibility=hidden  -arch x86_64  -c conftest.c"
conftest.c:7:20: error: 'conftest_const' declared as an array with a negative size
int conftest_const[(sizeof((*rbcv_ptr_)) < 0) ? 1 : -1];
                   ^~~~~~~~~~~~~~~~~~~~~~~~~~~~~~~~~~~
1 error generated.
checked program was:
/* begin */
1: #include "ruby.h"
2: 
3: typedef int_least16_t rbcv_typedef_;
4: rbcv_typedef_ *rbcv_ptr_;
5: 
6: /*top*/
7: int conftest_const[(sizeof((*rbcv_ptr_)) < 0) ? 1 : -1];
/* end */

"clang -arch x86_64 -o conftest -I../../../.ext/include/x86_64-darwin -I/Users/hiro/Library/Caches/CocoaPods/Pods/External/CRuby/193c1c8340a477e394e63f996e6fccdb/ruby/include -I/Users/hiro/Library/Caches/CocoaPods/Pods/External/CRuby/193c1c8340a477e394e63f996e6fccdb/ruby/ext/rbconfig/sizeof -pipe -Os -isysroot /Applications/Xcode.app/Contents/Developer/Platforms/iPhoneSimulator.platform/Developer/SDKs/iPhoneSimulator10.1.sdk -miphoneos-version-min=7.0 -D_XOPEN_SOURCE -D_DARWIN_C_SOURCE -D_DARWIN_UNLIMITED_SELECT -D_REENTRANT   -pipe -Os -isysroot /Applications/Xcode.app/Contents/Developer/Platforms/iPhoneSimulator.platform/Developer/SDKs/iPhoneSimulator10.1.sdk -miphoneos-version-min=7.0 -fvisibility=hidden conftest.c  -L. -L../../.. -L. -pipe -Os -isysroot /Applications/Xcode.app/Contents/Developer/Platforms/iPhoneSimulator.platform/Developer/SDKs/iPhoneSimulator10.1.sdk -miphoneos-version-min=7.0 -L/Applications/Xcode.app/Contents/Developer/Platforms/iPhoneSimulator.platform/Developer/SDKs/iPhoneSimulator10.1.sdk/usr/lib -lSystem -fstack-protector -L/usr/local/lib   -arch x86_64   -lruby-static -framework CoreFoundation  -lpthread -ldl -lobjc "
checked program was:
/* begin */
 1: #include "ruby.h"
 2: 
 3: typedef int_least16_t rbcv_typedef_;
 4: rbcv_typedef_ *rbcv_ptr_;
 5: 
 6: #include <stdio.h>
 7: /*top*/
 8: typedef unsigned
 9: #ifdef PRI_LL_PREFIX
10: #define PRI_CONFTEST_PREFIX PRI_LL_PREFIX
11: LONG_LONG
12: #else
13: #define PRI_CONFTEST_PREFIX "l"
14: long
15: #endif
16: conftest_type;
17: conftest_type conftest_const = (conftest_type)(sizeof((*rbcv_ptr_)));
18: int main() {printf("%"PRI_CONFTEST_PREFIX"u\n", conftest_const); return 0;}
/* end */

./conftest |
--------------------

check_sizeof: checking size of int_least32_t... -------------------- 4

"clang -arch x86_64 -I../../../.ext/include/x86_64-darwin -I/Users/hiro/Library/Caches/CocoaPods/Pods/External/CRuby/193c1c8340a477e394e63f996e6fccdb/ruby/include -I/Users/hiro/Library/Caches/CocoaPods/Pods/External/CRuby/193c1c8340a477e394e63f996e6fccdb/ruby/ext/rbconfig/sizeof -pipe -Os -isysroot /Applications/Xcode.app/Contents/Developer/Platforms/iPhoneSimulator.platform/Developer/SDKs/iPhoneSimulator10.1.sdk -miphoneos-version-min=7.0 -D_XOPEN_SOURCE -D_DARWIN_C_SOURCE -D_DARWIN_UNLIMITED_SELECT -D_REENTRANT   -pipe -Os -isysroot /Applications/Xcode.app/Contents/Developer/Platforms/iPhoneSimulator.platform/Developer/SDKs/iPhoneSimulator10.1.sdk -miphoneos-version-min=7.0 -fvisibility=hidden  -arch x86_64  -c conftest.c"
conftest.c:7:20: error: 'conftest_const' declared as an array with a negative size
int conftest_const[(sizeof((*rbcv_ptr_)) < 0) ? 1 : -1];
                   ^~~~~~~~~~~~~~~~~~~~~~~~~~~~~~~~~~~
1 error generated.
checked program was:
/* begin */
1: #include "ruby.h"
2: 
3: typedef int_least32_t rbcv_typedef_;
4: rbcv_typedef_ *rbcv_ptr_;
5: 
6: /*top*/
7: int conftest_const[(sizeof((*rbcv_ptr_)) < 0) ? 1 : -1];
/* end */

"clang -arch x86_64 -o conftest -I../../../.ext/include/x86_64-darwin -I/Users/hiro/Library/Caches/CocoaPods/Pods/External/CRuby/193c1c8340a477e394e63f996e6fccdb/ruby/include -I/Users/hiro/Library/Caches/CocoaPods/Pods/External/CRuby/193c1c8340a477e394e63f996e6fccdb/ruby/ext/rbconfig/sizeof -pipe -Os -isysroot /Applications/Xcode.app/Contents/Developer/Platforms/iPhoneSimulator.platform/Developer/SDKs/iPhoneSimulator10.1.sdk -miphoneos-version-min=7.0 -D_XOPEN_SOURCE -D_DARWIN_C_SOURCE -D_DARWIN_UNLIMITED_SELECT -D_REENTRANT   -pipe -Os -isysroot /Applications/Xcode.app/Contents/Developer/Platforms/iPhoneSimulator.platform/Developer/SDKs/iPhoneSimulator10.1.sdk -miphoneos-version-min=7.0 -fvisibility=hidden conftest.c  -L. -L../../.. -L. -pipe -Os -isysroot /Applications/Xcode.app/Contents/Developer/Platforms/iPhoneSimulator.platform/Developer/SDKs/iPhoneSimulator10.1.sdk -miphoneos-version-min=7.0 -L/Applications/Xcode.app/Contents/Developer/Platforms/iPhoneSimulator.platform/Developer/SDKs/iPhoneSimulator10.1.sdk/usr/lib -lSystem -fstack-protector -L/usr/local/lib   -arch x86_64   -lruby-static -framework CoreFoundation  -lpthread -ldl -lobjc "
checked program was:
/* begin */
 1: #include "ruby.h"
 2: 
 3: typedef int_least32_t rbcv_typedef_;
 4: rbcv_typedef_ *rbcv_ptr_;
 5: 
 6: #include <stdio.h>
 7: /*top*/
 8: typedef unsigned
 9: #ifdef PRI_LL_PREFIX
10: #define PRI_CONFTEST_PREFIX PRI_LL_PREFIX
11: LONG_LONG
12: #else
13: #define PRI_CONFTEST_PREFIX "l"
14: long
15: #endif
16: conftest_type;
17: conftest_type conftest_const = (conftest_type)(sizeof((*rbcv_ptr_)));
18: int main() {printf("%"PRI_CONFTEST_PREFIX"u\n", conftest_const); return 0;}
/* end */

./conftest |
--------------------

check_sizeof: checking size of int_least64_t... -------------------- 8

"clang -arch x86_64 -I../../../.ext/include/x86_64-darwin -I/Users/hiro/Library/Caches/CocoaPods/Pods/External/CRuby/193c1c8340a477e394e63f996e6fccdb/ruby/include -I/Users/hiro/Library/Caches/CocoaPods/Pods/External/CRuby/193c1c8340a477e394e63f996e6fccdb/ruby/ext/rbconfig/sizeof -pipe -Os -isysroot /Applications/Xcode.app/Contents/Developer/Platforms/iPhoneSimulator.platform/Developer/SDKs/iPhoneSimulator10.1.sdk -miphoneos-version-min=7.0 -D_XOPEN_SOURCE -D_DARWIN_C_SOURCE -D_DARWIN_UNLIMITED_SELECT -D_REENTRANT   -pipe -Os -isysroot /Applications/Xcode.app/Contents/Developer/Platforms/iPhoneSimulator.platform/Developer/SDKs/iPhoneSimulator10.1.sdk -miphoneos-version-min=7.0 -fvisibility=hidden  -arch x86_64  -c conftest.c"
conftest.c:7:20: error: 'conftest_const' declared as an array with a negative size
int conftest_const[(sizeof((*rbcv_ptr_)) < 0) ? 1 : -1];
                   ^~~~~~~~~~~~~~~~~~~~~~~~~~~~~~~~~~~
1 error generated.
checked program was:
/* begin */
1: #include "ruby.h"
2: 
3: typedef int_least64_t rbcv_typedef_;
4: rbcv_typedef_ *rbcv_ptr_;
5: 
6: /*top*/
7: int conftest_const[(sizeof((*rbcv_ptr_)) < 0) ? 1 : -1];
/* end */

"clang -arch x86_64 -o conftest -I../../../.ext/include/x86_64-darwin -I/Users/hiro/Library/Caches/CocoaPods/Pods/External/CRuby/193c1c8340a477e394e63f996e6fccdb/ruby/include -I/Users/hiro/Library/Caches/CocoaPods/Pods/External/CRuby/193c1c8340a477e394e63f996e6fccdb/ruby/ext/rbconfig/sizeof -pipe -Os -isysroot /Applications/Xcode.app/Contents/Developer/Platforms/iPhoneSimulator.platform/Developer/SDKs/iPhoneSimulator10.1.sdk -miphoneos-version-min=7.0 -D_XOPEN_SOURCE -D_DARWIN_C_SOURCE -D_DARWIN_UNLIMITED_SELECT -D_REENTRANT   -pipe -Os -isysroot /Applications/Xcode.app/Contents/Developer/Platforms/iPhoneSimulator.platform/Developer/SDKs/iPhoneSimulator10.1.sdk -miphoneos-version-min=7.0 -fvisibility=hidden conftest.c  -L. -L../../.. -L. -pipe -Os -isysroot /Applications/Xcode.app/Contents/Developer/Platforms/iPhoneSimulator.platform/Developer/SDKs/iPhoneSimulator10.1.sdk -miphoneos-version-min=7.0 -L/Applications/Xcode.app/Contents/Developer/Platforms/iPhoneSimulator.platform/Developer/SDKs/iPhoneSimulator10.1.sdk/usr/lib -lSystem -fstack-protector -L/usr/local/lib   -arch x86_64   -lruby-static -framework CoreFoundation  -lpthread -ldl -lobjc "
checked program was:
/* begin */
 1: #include "ruby.h"
 2: 
 3: typedef int_least64_t rbcv_typedef_;
 4: rbcv_typedef_ *rbcv_ptr_;
 5: 
 6: #include <stdio.h>
 7: /*top*/
 8: typedef unsigned
 9: #ifdef PRI_LL_PREFIX
10: #define PRI_CONFTEST_PREFIX PRI_LL_PREFIX
11: LONG_LONG
12: #else
13: #define PRI_CONFTEST_PREFIX "l"
14: long
15: #endif
16: conftest_type;
17: conftest_type conftest_const = (conftest_type)(sizeof((*rbcv_ptr_)));
18: int main() {printf("%"PRI_CONFTEST_PREFIX"u\n", conftest_const); return 0;}
/* end */

./conftest |
--------------------

check_sizeof: checking size of int_fast8_t... -------------------- 1

"clang -arch x86_64 -I../../../.ext/include/x86_64-darwin -I/Users/hiro/Library/Caches/CocoaPods/Pods/External/CRuby/193c1c8340a477e394e63f996e6fccdb/ruby/include -I/Users/hiro/Library/Caches/CocoaPods/Pods/External/CRuby/193c1c8340a477e394e63f996e6fccdb/ruby/ext/rbconfig/sizeof -pipe -Os -isysroot /Applications/Xcode.app/Contents/Developer/Platforms/iPhoneSimulator.platform/Developer/SDKs/iPhoneSimulator10.1.sdk -miphoneos-version-min=7.0 -D_XOPEN_SOURCE -D_DARWIN_C_SOURCE -D_DARWIN_UNLIMITED_SELECT -D_REENTRANT   -pipe -Os -isysroot /Applications/Xcode.app/Contents/Developer/Platforms/iPhoneSimulator.platform/Developer/SDKs/iPhoneSimulator10.1.sdk -miphoneos-version-min=7.0 -fvisibility=hidden  -arch x86_64  -c conftest.c"
conftest.c:7:20: error: 'conftest_const' declared as an array with a negative size
int conftest_const[(sizeof((*rbcv_ptr_)) < 0) ? 1 : -1];
                   ^~~~~~~~~~~~~~~~~~~~~~~~~~~~~~~~~~~
1 error generated.
checked program was:
/* begin */
1: #include "ruby.h"
2: 
3: typedef int_fast8_t rbcv_typedef_;
4: rbcv_typedef_ *rbcv_ptr_;
5: 
6: /*top*/
7: int conftest_const[(sizeof((*rbcv_ptr_)) < 0) ? 1 : -1];
/* end */

"clang -arch x86_64 -o conftest -I../../../.ext/include/x86_64-darwin -I/Users/hiro/Library/Caches/CocoaPods/Pods/External/CRuby/193c1c8340a477e394e63f996e6fccdb/ruby/include -I/Users/hiro/Library/Caches/CocoaPods/Pods/External/CRuby/193c1c8340a477e394e63f996e6fccdb/ruby/ext/rbconfig/sizeof -pipe -Os -isysroot /Applications/Xcode.app/Contents/Developer/Platforms/iPhoneSimulator.platform/Developer/SDKs/iPhoneSimulator10.1.sdk -miphoneos-version-min=7.0 -D_XOPEN_SOURCE -D_DARWIN_C_SOURCE -D_DARWIN_UNLIMITED_SELECT -D_REENTRANT   -pipe -Os -isysroot /Applications/Xcode.app/Contents/Developer/Platforms/iPhoneSimulator.platform/Developer/SDKs/iPhoneSimulator10.1.sdk -miphoneos-version-min=7.0 -fvisibility=hidden conftest.c  -L. -L../../.. -L. -pipe -Os -isysroot /Applications/Xcode.app/Contents/Developer/Platforms/iPhoneSimulator.platform/Developer/SDKs/iPhoneSimulator10.1.sdk -miphoneos-version-min=7.0 -L/Applications/Xcode.app/Contents/Developer/Platforms/iPhoneSimulator.platform/Developer/SDKs/iPhoneSimulator10.1.sdk/usr/lib -lSystem -fstack-protector -L/usr/local/lib   -arch x86_64   -lruby-static -framework CoreFoundation  -lpthread -ldl -lobjc "
checked program was:
/* begin */
 1: #include "ruby.h"
 2: 
 3: typedef int_fast8_t rbcv_typedef_;
 4: rbcv_typedef_ *rbcv_ptr_;
 5: 
 6: #include <stdio.h>
 7: /*top*/
 8: typedef unsigned
 9: #ifdef PRI_LL_PREFIX
10: #define PRI_CONFTEST_PREFIX PRI_LL_PREFIX
11: LONG_LONG
12: #else
13: #define PRI_CONFTEST_PREFIX "l"
14: long
15: #endif
16: conftest_type;
17: conftest_type conftest_const = (conftest_type)(sizeof((*rbcv_ptr_)));
18: int main() {printf("%"PRI_CONFTEST_PREFIX"u\n", conftest_const); return 0;}
/* end */

./conftest |
--------------------

check_sizeof: checking size of int_fast16_t... -------------------- 2

"clang -arch x86_64 -I../../../.ext/include/x86_64-darwin -I/Users/hiro/Library/Caches/CocoaPods/Pods/External/CRuby/193c1c8340a477e394e63f996e6fccdb/ruby/include -I/Users/hiro/Library/Caches/CocoaPods/Pods/External/CRuby/193c1c8340a477e394e63f996e6fccdb/ruby/ext/rbconfig/sizeof -pipe -Os -isysroot /Applications/Xcode.app/Contents/Developer/Platforms/iPhoneSimulator.platform/Developer/SDKs/iPhoneSimulator10.1.sdk -miphoneos-version-min=7.0 -D_XOPEN_SOURCE -D_DARWIN_C_SOURCE -D_DARWIN_UNLIMITED_SELECT -D_REENTRANT   -pipe -Os -isysroot /Applications/Xcode.app/Contents/Developer/Platforms/iPhoneSimulator.platform/Developer/SDKs/iPhoneSimulator10.1.sdk -miphoneos-version-min=7.0 -fvisibility=hidden  -arch x86_64  -c conftest.c"
conftest.c:7:20: error: 'conftest_const' declared as an array with a negative size
int conftest_const[(sizeof((*rbcv_ptr_)) < 0) ? 1 : -1];
                   ^~~~~~~~~~~~~~~~~~~~~~~~~~~~~~~~~~~
1 error generated.
checked program was:
/* begin */
1: #include "ruby.h"
2: 
3: typedef int_fast16_t rbcv_typedef_;
4: rbcv_typedef_ *rbcv_ptr_;
5: 
6: /*top*/
7: int conftest_const[(sizeof((*rbcv_ptr_)) < 0) ? 1 : -1];
/* end */

"clang -arch x86_64 -o conftest -I../../../.ext/include/x86_64-darwin -I/Users/hiro/Library/Caches/CocoaPods/Pods/External/CRuby/193c1c8340a477e394e63f996e6fccdb/ruby/include -I/Users/hiro/Library/Caches/CocoaPods/Pods/External/CRuby/193c1c8340a477e394e63f996e6fccdb/ruby/ext/rbconfig/sizeof -pipe -Os -isysroot /Applications/Xcode.app/Contents/Developer/Platforms/iPhoneSimulator.platform/Developer/SDKs/iPhoneSimulator10.1.sdk -miphoneos-version-min=7.0 -D_XOPEN_SOURCE -D_DARWIN_C_SOURCE -D_DARWIN_UNLIMITED_SELECT -D_REENTRANT   -pipe -Os -isysroot /Applications/Xcode.app/Contents/Developer/Platforms/iPhoneSimulator.platform/Developer/SDKs/iPhoneSimulator10.1.sdk -miphoneos-version-min=7.0 -fvisibility=hidden conftest.c  -L. -L../../.. -L. -pipe -Os -isysroot /Applications/Xcode.app/Contents/Developer/Platforms/iPhoneSimulator.platform/Developer/SDKs/iPhoneSimulator10.1.sdk -miphoneos-version-min=7.0 -L/Applications/Xcode.app/Contents/Developer/Platforms/iPhoneSimulator.platform/Developer/SDKs/iPhoneSimulator10.1.sdk/usr/lib -lSystem -fstack-protector -L/usr/local/lib   -arch x86_64   -lruby-static -framework CoreFoundation  -lpthread -ldl -lobjc "
checked program was:
/* begin */
 1: #include "ruby.h"
 2: 
 3: typedef int_fast16_t rbcv_typedef_;
 4: rbcv_typedef_ *rbcv_ptr_;
 5: 
 6: #include <stdio.h>
 7: /*top*/
 8: typedef unsigned
 9: #ifdef PRI_LL_PREFIX
10: #define PRI_CONFTEST_PREFIX PRI_LL_PREFIX
11: LONG_LONG
12: #else
13: #define PRI_CONFTEST_PREFIX "l"
14: long
15: #endif
16: conftest_type;
17: conftest_type conftest_const = (conftest_type)(sizeof((*rbcv_ptr_)));
18: int main() {printf("%"PRI_CONFTEST_PREFIX"u\n", conftest_const); return 0;}
/* end */

./conftest |
--------------------

check_sizeof: checking size of int_fast32_t... -------------------- 4

"clang -arch x86_64 -I../../../.ext/include/x86_64-darwin -I/Users/hiro/Library/Caches/CocoaPods/Pods/External/CRuby/193c1c8340a477e394e63f996e6fccdb/ruby/include -I/Users/hiro/Library/Caches/CocoaPods/Pods/External/CRuby/193c1c8340a477e394e63f996e6fccdb/ruby/ext/rbconfig/sizeof -pipe -Os -isysroot /Applications/Xcode.app/Contents/Developer/Platforms/iPhoneSimulator.platform/Developer/SDKs/iPhoneSimulator10.1.sdk -miphoneos-version-min=7.0 -D_XOPEN_SOURCE -D_DARWIN_C_SOURCE -D_DARWIN_UNLIMITED_SELECT -D_REENTRANT   -pipe -Os -isysroot /Applications/Xcode.app/Contents/Developer/Platforms/iPhoneSimulator.platform/Developer/SDKs/iPhoneSimulator10.1.sdk -miphoneos-version-min=7.0 -fvisibility=hidden  -arch x86_64  -c conftest.c"
conftest.c:7:20: error: 'conftest_const' declared as an array with a negative size
int conftest_const[(sizeof((*rbcv_ptr_)) < 0) ? 1 : -1];
                   ^~~~~~~~~~~~~~~~~~~~~~~~~~~~~~~~~~~
1 error generated.
checked program was:
/* begin */
1: #include "ruby.h"
2: 
3: typedef int_fast32_t rbcv_typedef_;
4: rbcv_typedef_ *rbcv_ptr_;
5: 
6: /*top*/
7: int conftest_const[(sizeof((*rbcv_ptr_)) < 0) ? 1 : -1];
/* end */

"clang -arch x86_64 -o conftest -I../../../.ext/include/x86_64-darwin -I/Users/hiro/Library/Caches/CocoaPods/Pods/External/CRuby/193c1c8340a477e394e63f996e6fccdb/ruby/include -I/Users/hiro/Library/Caches/CocoaPods/Pods/External/CRuby/193c1c8340a477e394e63f996e6fccdb/ruby/ext/rbconfig/sizeof -pipe -Os -isysroot /Applications/Xcode.app/Contents/Developer/Platforms/iPhoneSimulator.platform/Developer/SDKs/iPhoneSimulator10.1.sdk -miphoneos-version-min=7.0 -D_XOPEN_SOURCE -D_DARWIN_C_SOURCE -D_DARWIN_UNLIMITED_SELECT -D_REENTRANT   -pipe -Os -isysroot /Applications/Xcode.app/Contents/Developer/Platforms/iPhoneSimulator.platform/Developer/SDKs/iPhoneSimulator10.1.sdk -miphoneos-version-min=7.0 -fvisibility=hidden conftest.c  -L. -L../../.. -L. -pipe -Os -isysroot /Applications/Xcode.app/Contents/Developer/Platforms/iPhoneSimulator.platform/Developer/SDKs/iPhoneSimulator10.1.sdk -miphoneos-version-min=7.0 -L/Applications/Xcode.app/Contents/Developer/Platforms/iPhoneSimulator.platform/Developer/SDKs/iPhoneSimulator10.1.sdk/usr/lib -lSystem -fstack-protector -L/usr/local/lib   -arch x86_64   -lruby-static -framework CoreFoundation  -lpthread -ldl -lobjc "
checked program was:
/* begin */
 1: #include "ruby.h"
 2: 
 3: typedef int_fast32_t rbcv_typedef_;
 4: rbcv_typedef_ *rbcv_ptr_;
 5: 
 6: #include <stdio.h>
 7: /*top*/
 8: typedef unsigned
 9: #ifdef PRI_LL_PREFIX
10: #define PRI_CONFTEST_PREFIX PRI_LL_PREFIX
11: LONG_LONG
12: #else
13: #define PRI_CONFTEST_PREFIX "l"
14: long
15: #endif
16: conftest_type;
17: conftest_type conftest_const = (conftest_type)(sizeof((*rbcv_ptr_)));
18: int main() {printf("%"PRI_CONFTEST_PREFIX"u\n", conftest_const); return 0;}
/* end */

./conftest |
--------------------

check_sizeof: checking size of int_fast64_t... -------------------- 8

"clang -arch x86_64 -I../../../.ext/include/x86_64-darwin -I/Users/hiro/Library/Caches/CocoaPods/Pods/External/CRuby/193c1c8340a477e394e63f996e6fccdb/ruby/include -I/Users/hiro/Library/Caches/CocoaPods/Pods/External/CRuby/193c1c8340a477e394e63f996e6fccdb/ruby/ext/rbconfig/sizeof -pipe -Os -isysroot /Applications/Xcode.app/Contents/Developer/Platforms/iPhoneSimulator.platform/Developer/SDKs/iPhoneSimulator10.1.sdk -miphoneos-version-min=7.0 -D_XOPEN_SOURCE -D_DARWIN_C_SOURCE -D_DARWIN_UNLIMITED_SELECT -D_REENTRANT   -pipe -Os -isysroot /Applications/Xcode.app/Contents/Developer/Platforms/iPhoneSimulator.platform/Developer/SDKs/iPhoneSimulator10.1.sdk -miphoneos-version-min=7.0 -fvisibility=hidden  -arch x86_64  -c conftest.c"
conftest.c:7:20: error: 'conftest_const' declared as an array with a negative size
int conftest_const[(sizeof((*rbcv_ptr_)) < 0) ? 1 : -1];
                   ^~~~~~~~~~~~~~~~~~~~~~~~~~~~~~~~~~~
1 error generated.
checked program was:
/* begin */
1: #include "ruby.h"
2: 
3: typedef int_fast64_t rbcv_typedef_;
4: rbcv_typedef_ *rbcv_ptr_;
5: 
6: /*top*/
7: int conftest_const[(sizeof((*rbcv_ptr_)) < 0) ? 1 : -1];
/* end */

"clang -arch x86_64 -o conftest -I../../../.ext/include/x86_64-darwin -I/Users/hiro/Library/Caches/CocoaPods/Pods/External/CRuby/193c1c8340a477e394e63f996e6fccdb/ruby/include -I/Users/hiro/Library/Caches/CocoaPods/Pods/External/CRuby/193c1c8340a477e394e63f996e6fccdb/ruby/ext/rbconfig/sizeof -pipe -Os -isysroot /Applications/Xcode.app/Contents/Developer/Platforms/iPhoneSimulator.platform/Developer/SDKs/iPhoneSimulator10.1.sdk -miphoneos-version-min=7.0 -D_XOPEN_SOURCE -D_DARWIN_C_SOURCE -D_DARWIN_UNLIMITED_SELECT -D_REENTRANT   -pipe -Os -isysroot /Applications/Xcode.app/Contents/Developer/Platforms/iPhoneSimulator.platform/Developer/SDKs/iPhoneSimulator10.1.sdk -miphoneos-version-min=7.0 -fvisibility=hidden conftest.c  -L. -L../../.. -L. -pipe -Os -isysroot /Applications/Xcode.app/Contents/Developer/Platforms/iPhoneSimulator.platform/Developer/SDKs/iPhoneSimulator10.1.sdk -miphoneos-version-min=7.0 -L/Applications/Xcode.app/Contents/Developer/Platforms/iPhoneSimulator.platform/Developer/SDKs/iPhoneSimulator10.1.sdk/usr/lib -lSystem -fstack-protector -L/usr/local/lib   -arch x86_64   -lruby-static -framework CoreFoundation  -lpthread -ldl -lobjc "
checked program was:
/* begin */
 1: #include "ruby.h"
 2: 
 3: typedef int_fast64_t rbcv_typedef_;
 4: rbcv_typedef_ *rbcv_ptr_;
 5: 
 6: #include <stdio.h>
 7: /*top*/
 8: typedef unsigned
 9: #ifdef PRI_LL_PREFIX
10: #define PRI_CONFTEST_PREFIX PRI_LL_PREFIX
11: LONG_LONG
12: #else
13: #define PRI_CONFTEST_PREFIX "l"
14: long
15: #endif
16: conftest_type;
17: conftest_type conftest_const = (conftest_type)(sizeof((*rbcv_ptr_)));
18: int main() {printf("%"PRI_CONFTEST_PREFIX"u\n", conftest_const); return 0;}
/* end */

./conftest |
--------------------

check_sizeof: checking size of intmax_t... -------------------- 8

"clang -arch x86_64 -I../../../.ext/include/x86_64-darwin -I/Users/hiro/Library/Caches/CocoaPods/Pods/External/CRuby/193c1c8340a477e394e63f996e6fccdb/ruby/include -I/Users/hiro/Library/Caches/CocoaPods/Pods/External/CRuby/193c1c8340a477e394e63f996e6fccdb/ruby/ext/rbconfig/sizeof -pipe -Os -isysroot /Applications/Xcode.app/Contents/Developer/Platforms/iPhoneSimulator.platform/Developer/SDKs/iPhoneSimulator10.1.sdk -miphoneos-version-min=7.0 -D_XOPEN_SOURCE -D_DARWIN_C_SOURCE -D_DARWIN_UNLIMITED_SELECT -D_REENTRANT   -pipe -Os -isysroot /Applications/Xcode.app/Contents/Developer/Platforms/iPhoneSimulator.platform/Developer/SDKs/iPhoneSimulator10.1.sdk -miphoneos-version-min=7.0 -fvisibility=hidden  -arch x86_64  -c conftest.c"
conftest.c:7:20: error: 'conftest_const' declared as an array with a negative size
int conftest_const[(sizeof((*rbcv_ptr_)) < 0) ? 1 : -1];
                   ^~~~~~~~~~~~~~~~~~~~~~~~~~~~~~~~~~~
1 error generated.
checked program was:
/* begin */
1: #include "ruby.h"
2: 
3: typedef intmax_t rbcv_typedef_;
4: rbcv_typedef_ *rbcv_ptr_;
5: 
6: /*top*/
7: int conftest_const[(sizeof((*rbcv_ptr_)) < 0) ? 1 : -1];
/* end */

"clang -arch x86_64 -o conftest -I../../../.ext/include/x86_64-darwin -I/Users/hiro/Library/Caches/CocoaPods/Pods/External/CRuby/193c1c8340a477e394e63f996e6fccdb/ruby/include -I/Users/hiro/Library/Caches/CocoaPods/Pods/External/CRuby/193c1c8340a477e394e63f996e6fccdb/ruby/ext/rbconfig/sizeof -pipe -Os -isysroot /Applications/Xcode.app/Contents/Developer/Platforms/iPhoneSimulator.platform/Developer/SDKs/iPhoneSimulator10.1.sdk -miphoneos-version-min=7.0 -D_XOPEN_SOURCE -D_DARWIN_C_SOURCE -D_DARWIN_UNLIMITED_SELECT -D_REENTRANT   -pipe -Os -isysroot /Applications/Xcode.app/Contents/Developer/Platforms/iPhoneSimulator.platform/Developer/SDKs/iPhoneSimulator10.1.sdk -miphoneos-version-min=7.0 -fvisibility=hidden conftest.c  -L. -L../../.. -L. -pipe -Os -isysroot /Applications/Xcode.app/Contents/Developer/Platforms/iPhoneSimulator.platform/Developer/SDKs/iPhoneSimulator10.1.sdk -miphoneos-version-min=7.0 -L/Applications/Xcode.app/Contents/Developer/Platforms/iPhoneSimulator.platform/Developer/SDKs/iPhoneSimulator10.1.sdk/usr/lib -lSystem -fstack-protector -L/usr/local/lib   -arch x86_64   -lruby-static -framework CoreFoundation  -lpthread -ldl -lobjc "
checked program was:
/* begin */
 1: #include "ruby.h"
 2: 
 3: typedef intmax_t rbcv_typedef_;
 4: rbcv_typedef_ *rbcv_ptr_;
 5: 
 6: #include <stdio.h>
 7: /*top*/
 8: typedef unsigned
 9: #ifdef PRI_LL_PREFIX
10: #define PRI_CONFTEST_PREFIX PRI_LL_PREFIX
11: LONG_LONG
12: #else
13: #define PRI_CONFTEST_PREFIX "l"
14: long
15: #endif
16: conftest_type;
17: conftest_type conftest_const = (conftest_type)(sizeof((*rbcv_ptr_)));
18: int main() {printf("%"PRI_CONFTEST_PREFIX"u\n", conftest_const); return 0;}
/* end */

./conftest |
--------------------

check_sizeof: checking size of sig_atomic_t in signal.h... -------------------- 4

"clang -arch x86_64 -I../../../.ext/include/x86_64-darwin -I/Users/hiro/Library/Caches/CocoaPods/Pods/External/CRuby/193c1c8340a477e394e63f996e6fccdb/ruby/include -I/Users/hiro/Library/Caches/CocoaPods/Pods/External/CRuby/193c1c8340a477e394e63f996e6fccdb/ruby/ext/rbconfig/sizeof -pipe -Os -isysroot /Applications/Xcode.app/Contents/Developer/Platforms/iPhoneSimulator.platform/Developer/SDKs/iPhoneSimulator10.1.sdk -miphoneos-version-min=7.0 -D_XOPEN_SOURCE -D_DARWIN_C_SOURCE -D_DARWIN_UNLIMITED_SELECT -D_REENTRANT   -pipe -Os -isysroot /Applications/Xcode.app/Contents/Developer/Platforms/iPhoneSimulator.platform/Developer/SDKs/iPhoneSimulator10.1.sdk -miphoneos-version-min=7.0 -fvisibility=hidden  -arch x86_64  -c conftest.c"
conftest.c:8:20: error: 'conftest_const' declared as an array with a negative size
int conftest_const[(sizeof((*rbcv_ptr_)) < 0) ? 1 : -1];
                   ^~~~~~~~~~~~~~~~~~~~~~~~~~~~~~~~~~~
1 error generated.
checked program was:
/* begin */
1: #include "ruby.h"
2: 
3: #include <signal.h>
4: typedef sig_atomic_t rbcv_typedef_;
5: rbcv_typedef_ *rbcv_ptr_;
6: 
7: /*top*/
8: int conftest_const[(sizeof((*rbcv_ptr_)) < 0) ? 1 : -1];
/* end */

"clang -arch x86_64 -o conftest -I../../../.ext/include/x86_64-darwin -I/Users/hiro/Library/Caches/CocoaPods/Pods/External/CRuby/193c1c8340a477e394e63f996e6fccdb/ruby/include -I/Users/hiro/Library/Caches/CocoaPods/Pods/External/CRuby/193c1c8340a477e394e63f996e6fccdb/ruby/ext/rbconfig/sizeof -pipe -Os -isysroot /Applications/Xcode.app/Contents/Developer/Platforms/iPhoneSimulator.platform/Developer/SDKs/iPhoneSimulator10.1.sdk -miphoneos-version-min=7.0 -D_XOPEN_SOURCE -D_DARWIN_C_SOURCE -D_DARWIN_UNLIMITED_SELECT -D_REENTRANT   -pipe -Os -isysroot /Applications/Xcode.app/Contents/Developer/Platforms/iPhoneSimulator.platform/Developer/SDKs/iPhoneSimulator10.1.sdk -miphoneos-version-min=7.0 -fvisibility=hidden conftest.c  -L. -L../../.. -L. -pipe -Os -isysroot /Applications/Xcode.app/Contents/Developer/Platforms/iPhoneSimulator.platform/Developer/SDKs/iPhoneSimulator10.1.sdk -miphoneos-version-min=7.0 -L/Applications/Xcode.app/Contents/Developer/Platforms/iPhoneSimulator.platform/Developer/SDKs/iPhoneSimulator10.1.sdk/usr/lib -lSystem -fstack-protector -L/usr/local/lib   -arch x86_64   -lruby-static -framework CoreFoundation  -lpthread -ldl -lobjc "
checked program was:
/* begin */
 1: #include "ruby.h"
 2: 
 3: #include <signal.h>
 4: typedef sig_atomic_t rbcv_typedef_;
 5: rbcv_typedef_ *rbcv_ptr_;
 6: 
 7: #include <stdio.h>
 8: /*top*/
 9: typedef unsigned
10: #ifdef PRI_LL_PREFIX
11: #define PRI_CONFTEST_PREFIX PRI_LL_PREFIX
12: LONG_LONG
13: #else
14: #define PRI_CONFTEST_PREFIX "l"
15: long
16: #endif
17: conftest_type;
18: conftest_type conftest_const = (conftest_type)(sizeof((*rbcv_ptr_)));
19: int main() {printf("%"PRI_CONFTEST_PREFIX"u\n", conftest_const); return 0;}
/* end */

./conftest |
--------------------

check_sizeof: checking size of wchar_t... -------------------- 4

"clang -arch x86_64 -I../../../.ext/include/x86_64-darwin -I/Users/hiro/Library/Caches/CocoaPods/Pods/External/CRuby/193c1c8340a477e394e63f996e6fccdb/ruby/include -I/Users/hiro/Library/Caches/CocoaPods/Pods/External/CRuby/193c1c8340a477e394e63f996e6fccdb/ruby/ext/rbconfig/sizeof -pipe -Os -isysroot /Applications/Xcode.app/Contents/Developer/Platforms/iPhoneSimulator.platform/Developer/SDKs/iPhoneSimulator10.1.sdk -miphoneos-version-min=7.0 -D_XOPEN_SOURCE -D_DARWIN_C_SOURCE -D_DARWIN_UNLIMITED_SELECT -D_REENTRANT   -pipe -Os -isysroot /Applications/Xcode.app/Contents/Developer/Platforms/iPhoneSimulator.platform/Developer/SDKs/iPhoneSimulator10.1.sdk -miphoneos-version-min=7.0 -fvisibility=hidden  -arch x86_64  -c conftest.c"
conftest.c:7:20: error: 'conftest_const' declared as an array with a negative size
int conftest_const[(sizeof((*rbcv_ptr_)) < 0) ? 1 : -1];
                   ^~~~~~~~~~~~~~~~~~~~~~~~~~~~~~~~~~~
1 error generated.
checked program was:
/* begin */
1: #include "ruby.h"
2: 
3: typedef wchar_t rbcv_typedef_;
4: rbcv_typedef_ *rbcv_ptr_;
5: 
6: /*top*/
7: int conftest_const[(sizeof((*rbcv_ptr_)) < 0) ? 1 : -1];
/* end */

"clang -arch x86_64 -o conftest -I../../../.ext/include/x86_64-darwin -I/Users/hiro/Library/Caches/CocoaPods/Pods/External/CRuby/193c1c8340a477e394e63f996e6fccdb/ruby/include -I/Users/hiro/Library/Caches/CocoaPods/Pods/External/CRuby/193c1c8340a477e394e63f996e6fccdb/ruby/ext/rbconfig/sizeof -pipe -Os -isysroot /Applications/Xcode.app/Contents/Developer/Platforms/iPhoneSimulator.platform/Developer/SDKs/iPhoneSimulator10.1.sdk -miphoneos-version-min=7.0 -D_XOPEN_SOURCE -D_DARWIN_C_SOURCE -D_DARWIN_UNLIMITED_SELECT -D_REENTRANT   -pipe -Os -isysroot /Applications/Xcode.app/Contents/Developer/Platforms/iPhoneSimulator.platform/Developer/SDKs/iPhoneSimulator10.1.sdk -miphoneos-version-min=7.0 -fvisibility=hidden conftest.c  -L. -L../../.. -L. -pipe -Os -isysroot /Applications/Xcode.app/Contents/Developer/Platforms/iPhoneSimulator.platform/Developer/SDKs/iPhoneSimulator10.1.sdk -miphoneos-version-min=7.0 -L/Applications/Xcode.app/Contents/Developer/Platforms/iPhoneSimulator.platform/Developer/SDKs/iPhoneSimulator10.1.sdk/usr/lib -lSystem -fstack-protector -L/usr/local/lib   -arch x86_64   -lruby-static -framework CoreFoundation  -lpthread -ldl -lobjc "
checked program was:
/* begin */
 1: #include "ruby.h"
 2: 
 3: typedef wchar_t rbcv_typedef_;
 4: rbcv_typedef_ *rbcv_ptr_;
 5: 
 6: #include <stdio.h>
 7: /*top*/
 8: typedef unsigned
 9: #ifdef PRI_LL_PREFIX
10: #define PRI_CONFTEST_PREFIX PRI_LL_PREFIX
11: LONG_LONG
12: #else
13: #define PRI_CONFTEST_PREFIX "l"
14: long
15: #endif
16: conftest_type;
17: conftest_type conftest_const = (conftest_type)(sizeof((*rbcv_ptr_)));
18: int main() {printf("%"PRI_CONFTEST_PREFIX"u\n", conftest_const); return 0;}
/* end */

./conftest |
--------------------

check_sizeof: checking size of wint_t in wctype.h... -------------------- 4

"clang -arch x86_64 -I../../../.ext/include/x86_64-darwin -I/Users/hiro/Library/Caches/CocoaPods/Pods/External/CRuby/193c1c8340a477e394e63f996e6fccdb/ruby/include -I/Users/hiro/Library/Caches/CocoaPods/Pods/External/CRuby/193c1c8340a477e394e63f996e6fccdb/ruby/ext/rbconfig/sizeof -pipe -Os -isysroot /Applications/Xcode.app/Contents/Developer/Platforms/iPhoneSimulator.platform/Developer/SDKs/iPhoneSimulator10.1.sdk -miphoneos-version-min=7.0 -D_XOPEN_SOURCE -D_DARWIN_C_SOURCE -D_DARWIN_UNLIMITED_SELECT -D_REENTRANT   -pipe -Os -isysroot /Applications/Xcode.app/Contents/Developer/Platforms/iPhoneSimulator.platform/Developer/SDKs/iPhoneSimulator10.1.sdk -miphoneos-version-min=7.0 -fvisibility=hidden  -arch x86_64  -c conftest.c"
conftest.c:8:20: error: 'conftest_const' declared as an array with a negative size
int conftest_const[(sizeof((*rbcv_ptr_)) < 0) ? 1 : -1];
                   ^~~~~~~~~~~~~~~~~~~~~~~~~~~~~~~~~~~
1 error generated.
checked program was:
/* begin */
1: #include "ruby.h"
2: 
3: #include <wctype.h>
4: typedef wint_t rbcv_typedef_;
5: rbcv_typedef_ *rbcv_ptr_;
6: 
7: /*top*/
8: int conftest_const[(sizeof((*rbcv_ptr_)) < 0) ? 1 : -1];
/* end */

"clang -arch x86_64 -o conftest -I../../../.ext/include/x86_64-darwin -I/Users/hiro/Library/Caches/CocoaPods/Pods/External/CRuby/193c1c8340a477e394e63f996e6fccdb/ruby/include -I/Users/hiro/Library/Caches/CocoaPods/Pods/External/CRuby/193c1c8340a477e394e63f996e6fccdb/ruby/ext/rbconfig/sizeof -pipe -Os -isysroot /Applications/Xcode.app/Contents/Developer/Platforms/iPhoneSimulator.platform/Developer/SDKs/iPhoneSimulator10.1.sdk -miphoneos-version-min=7.0 -D_XOPEN_SOURCE -D_DARWIN_C_SOURCE -D_DARWIN_UNLIMITED_SELECT -D_REENTRANT   -pipe -Os -isysroot /Applications/Xcode.app/Contents/Developer/Platforms/iPhoneSimulator.platform/Developer/SDKs/iPhoneSimulator10.1.sdk -miphoneos-version-min=7.0 -fvisibility=hidden conftest.c  -L. -L../../.. -L. -pipe -Os -isysroot /Applications/Xcode.app/Contents/Developer/Platforms/iPhoneSimulator.platform/Developer/SDKs/iPhoneSimulator10.1.sdk -miphoneos-version-min=7.0 -L/Applications/Xcode.app/Contents/Developer/Platforms/iPhoneSimulator.platform/Developer/SDKs/iPhoneSimulator10.1.sdk/usr/lib -lSystem -fstack-protector -L/usr/local/lib   -arch x86_64   -lruby-static -framework CoreFoundation  -lpthread -ldl -lobjc "
checked program was:
/* begin */
 1: #include "ruby.h"
 2: 
 3: #include <wctype.h>
 4: typedef wint_t rbcv_typedef_;
 5: rbcv_typedef_ *rbcv_ptr_;
 6: 
 7: #include <stdio.h>
 8: /*top*/
 9: typedef unsigned
10: #ifdef PRI_LL_PREFIX
11: #define PRI_CONFTEST_PREFIX PRI_LL_PREFIX
12: LONG_LONG
13: #else
14: #define PRI_CONFTEST_PREFIX "l"
15: long
16: #endif
17: conftest_type;
18: conftest_type conftest_const = (conftest_type)(sizeof((*rbcv_ptr_)));
19: int main() {printf("%"PRI_CONFTEST_PREFIX"u\n", conftest_const); return 0;}
/* end */

./conftest |
--------------------

check_sizeof: checking size of wctrans_t in wctype.h... -------------------- 4

"clang -arch x86_64 -I../../../.ext/include/x86_64-darwin -I/Users/hiro/Library/Caches/CocoaPods/Pods/External/CRuby/193c1c8340a477e394e63f996e6fccdb/ruby/include -I/Users/hiro/Library/Caches/CocoaPods/Pods/External/CRuby/193c1c8340a477e394e63f996e6fccdb/ruby/ext/rbconfig/sizeof -pipe -Os -isysroot /Applications/Xcode.app/Contents/Developer/Platforms/iPhoneSimulator.platform/Developer/SDKs/iPhoneSimulator10.1.sdk -miphoneos-version-min=7.0 -D_XOPEN_SOURCE -D_DARWIN_C_SOURCE -D_DARWIN_UNLIMITED_SELECT -D_REENTRANT   -pipe -Os -isysroot /Applications/Xcode.app/Contents/Developer/Platforms/iPhoneSimulator.platform/Developer/SDKs/iPhoneSimulator10.1.sdk -miphoneos-version-min=7.0 -fvisibility=hidden  -arch x86_64  -c conftest.c"
conftest.c:8:20: error: 'conftest_const' declared as an array with a negative size
int conftest_const[(sizeof((*rbcv_ptr_)) < 0) ? 1 : -1];
                   ^~~~~~~~~~~~~~~~~~~~~~~~~~~~~~~~~~~
1 error generated.
checked program was:
/* begin */
1: #include "ruby.h"
2: 
3: #include <wctype.h>
4: typedef wctrans_t rbcv_typedef_;
5: rbcv_typedef_ *rbcv_ptr_;
6: 
7: /*top*/
8: int conftest_const[(sizeof((*rbcv_ptr_)) < 0) ? 1 : -1];
/* end */

"clang -arch x86_64 -o conftest -I../../../.ext/include/x86_64-darwin -I/Users/hiro/Library/Caches/CocoaPods/Pods/External/CRuby/193c1c8340a477e394e63f996e6fccdb/ruby/include -I/Users/hiro/Library/Caches/CocoaPods/Pods/External/CRuby/193c1c8340a477e394e63f996e6fccdb/ruby/ext/rbconfig/sizeof -pipe -Os -isysroot /Applications/Xcode.app/Contents/Developer/Platforms/iPhoneSimulator.platform/Developer/SDKs/iPhoneSimulator10.1.sdk -miphoneos-version-min=7.0 -D_XOPEN_SOURCE -D_DARWIN_C_SOURCE -D_DARWIN_UNLIMITED_SELECT -D_REENTRANT   -pipe -Os -isysroot /Applications/Xcode.app/Contents/Developer/Platforms/iPhoneSimulator.platform/Developer/SDKs/iPhoneSimulator10.1.sdk -miphoneos-version-min=7.0 -fvisibility=hidden conftest.c  -L. -L../../.. -L. -pipe -Os -isysroot /Applications/Xcode.app/Contents/Developer/Platforms/iPhoneSimulator.platform/Developer/SDKs/iPhoneSimulator10.1.sdk -miphoneos-version-min=7.0 -L/Applications/Xcode.app/Contents/Developer/Platforms/iPhoneSimulator.platform/Developer/SDKs/iPhoneSimulator10.1.sdk/usr/lib -lSystem -fstack-protector -L/usr/local/lib   -arch x86_64   -lruby-static -framework CoreFoundation  -lpthread -ldl -lobjc "
checked program was:
/* begin */
 1: #include "ruby.h"
 2: 
 3: #include <wctype.h>
 4: typedef wctrans_t rbcv_typedef_;
 5: rbcv_typedef_ *rbcv_ptr_;
 6: 
 7: #include <stdio.h>
 8: /*top*/
 9: typedef unsigned
10: #ifdef PRI_LL_PREFIX
11: #define PRI_CONFTEST_PREFIX PRI_LL_PREFIX
12: LONG_LONG
13: #else
14: #define PRI_CONFTEST_PREFIX "l"
15: long
16: #endif
17: conftest_type;
18: conftest_type conftest_const = (conftest_type)(sizeof((*rbcv_ptr_)));
19: int main() {printf("%"PRI_CONFTEST_PREFIX"u\n", conftest_const); return 0;}
/* end */

./conftest |
--------------------

check_sizeof: checking size of wctype_t in wctype.h... -------------------- 4

"clang -arch x86_64 -I../../../.ext/include/x86_64-darwin -I/Users/hiro/Library/Caches/CocoaPods/Pods/External/CRuby/193c1c8340a477e394e63f996e6fccdb/ruby/include -I/Users/hiro/Library/Caches/CocoaPods/Pods/External/CRuby/193c1c8340a477e394e63f996e6fccdb/ruby/ext/rbconfig/sizeof -pipe -Os -isysroot /Applications/Xcode.app/Contents/Developer/Platforms/iPhoneSimulator.platform/Developer/SDKs/iPhoneSimulator10.1.sdk -miphoneos-version-min=7.0 -D_XOPEN_SOURCE -D_DARWIN_C_SOURCE -D_DARWIN_UNLIMITED_SELECT -D_REENTRANT   -pipe -Os -isysroot /Applications/Xcode.app/Contents/Developer/Platforms/iPhoneSimulator.platform/Developer/SDKs/iPhoneSimulator10.1.sdk -miphoneos-version-min=7.0 -fvisibility=hidden  -arch x86_64  -c conftest.c"
conftest.c:8:20: error: 'conftest_const' declared as an array with a negative size
int conftest_const[(sizeof((*rbcv_ptr_)) < 0) ? 1 : -1];
                   ^~~~~~~~~~~~~~~~~~~~~~~~~~~~~~~~~~~
1 error generated.
checked program was:
/* begin */
1: #include "ruby.h"
2: 
3: #include <wctype.h>
4: typedef wctype_t rbcv_typedef_;
5: rbcv_typedef_ *rbcv_ptr_;
6: 
7: /*top*/
8: int conftest_const[(sizeof((*rbcv_ptr_)) < 0) ? 1 : -1];
/* end */

"clang -arch x86_64 -o conftest -I../../../.ext/include/x86_64-darwin -I/Users/hiro/Library/Caches/CocoaPods/Pods/External/CRuby/193c1c8340a477e394e63f996e6fccdb/ruby/include -I/Users/hiro/Library/Caches/CocoaPods/Pods/External/CRuby/193c1c8340a477e394e63f996e6fccdb/ruby/ext/rbconfig/sizeof -pipe -Os -isysroot /Applications/Xcode.app/Contents/Developer/Platforms/iPhoneSimulator.platform/Developer/SDKs/iPhoneSimulator10.1.sdk -miphoneos-version-min=7.0 -D_XOPEN_SOURCE -D_DARWIN_C_SOURCE -D_DARWIN_UNLIMITED_SELECT -D_REENTRANT   -pipe -Os -isysroot /Applications/Xcode.app/Contents/Developer/Platforms/iPhoneSimulator.platform/Developer/SDKs/iPhoneSimulator10.1.sdk -miphoneos-version-min=7.0 -fvisibility=hidden conftest.c  -L. -L../../.. -L. -pipe -Os -isysroot /Applications/Xcode.app/Contents/Developer/Platforms/iPhoneSimulator.platform/Developer/SDKs/iPhoneSimulator10.1.sdk -miphoneos-version-min=7.0 -L/Applications/Xcode.app/Contents/Developer/Platforms/iPhoneSimulator.platform/Developer/SDKs/iPhoneSimulator10.1.sdk/usr/lib -lSystem -fstack-protector -L/usr/local/lib   -arch x86_64   -lruby-static -framework CoreFoundation  -lpthread -ldl -lobjc "
checked program was:
/* begin */
 1: #include "ruby.h"
 2: 
 3: #include <wctype.h>
 4: typedef wctype_t rbcv_typedef_;
 5: rbcv_typedef_ *rbcv_ptr_;
 6: 
 7: #include <stdio.h>
 8: /*top*/
 9: typedef unsigned
10: #ifdef PRI_LL_PREFIX
11: #define PRI_CONFTEST_PREFIX PRI_LL_PREFIX
12: LONG_LONG
13: #else
14: #define PRI_CONFTEST_PREFIX "l"
15: long
16: #endif
17: conftest_type;
18: conftest_type conftest_const = (conftest_type)(sizeof((*rbcv_ptr_)));
19: int main() {printf("%"PRI_CONFTEST_PREFIX"u\n", conftest_const); return 0;}
/* end */

./conftest |
--------------------

check_sizeof: checking size of _Bool... -------------------- 1

"clang -arch x86_64 -I../../../.ext/include/x86_64-darwin -I/Users/hiro/Library/Caches/CocoaPods/Pods/External/CRuby/193c1c8340a477e394e63f996e6fccdb/ruby/include -I/Users/hiro/Library/Caches/CocoaPods/Pods/External/CRuby/193c1c8340a477e394e63f996e6fccdb/ruby/ext/rbconfig/sizeof -pipe -Os -isysroot /Applications/Xcode.app/Contents/Developer/Platforms/iPhoneSimulator.platform/Developer/SDKs/iPhoneSimulator10.1.sdk -miphoneos-version-min=7.0 -D_XOPEN_SOURCE -D_DARWIN_C_SOURCE -D_DARWIN_UNLIMITED_SELECT -D_REENTRANT   -pipe -Os -isysroot /Applications/Xcode.app/Contents/Developer/Platforms/iPhoneSimulator.platform/Developer/SDKs/iPhoneSimulator10.1.sdk -miphoneos-version-min=7.0 -fvisibility=hidden  -arch x86_64  -c conftest.c"
conftest.c:7:20: error: 'conftest_const' declared as an array with a negative size
int conftest_const[(sizeof((*rbcv_ptr_)) < 0) ? 1 : -1];
                   ^~~~~~~~~~~~~~~~~~~~~~~~~~~~~~~~~~~
1 error generated.
checked program was:
/* begin */
1: #include "ruby.h"
2: 
3: typedef _Bool rbcv_typedef_;
4: rbcv_typedef_ *rbcv_ptr_;
5: 
6: /*top*/
7: int conftest_const[(sizeof((*rbcv_ptr_)) < 0) ? 1 : -1];
/* end */

"clang -arch x86_64 -o conftest -I../../../.ext/include/x86_64-darwin -I/Users/hiro/Library/Caches/CocoaPods/Pods/External/CRuby/193c1c8340a477e394e63f996e6fccdb/ruby/include -I/Users/hiro/Library/Caches/CocoaPods/Pods/External/CRuby/193c1c8340a477e394e63f996e6fccdb/ruby/ext/rbconfig/sizeof -pipe -Os -isysroot /Applications/Xcode.app/Contents/Developer/Platforms/iPhoneSimulator.platform/Developer/SDKs/iPhoneSimulator10.1.sdk -miphoneos-version-min=7.0 -D_XOPEN_SOURCE -D_DARWIN_C_SOURCE -D_DARWIN_UNLIMITED_SELECT -D_REENTRANT   -pipe -Os -isysroot /Applications/Xcode.app/Contents/Developer/Platforms/iPhoneSimulator.platform/Developer/SDKs/iPhoneSimulator10.1.sdk -miphoneos-version-min=7.0 -fvisibility=hidden conftest.c  -L. -L../../.. -L. -pipe -Os -isysroot /Applications/Xcode.app/Contents/Developer/Platforms/iPhoneSimulator.platform/Developer/SDKs/iPhoneSimulator10.1.sdk -miphoneos-version-min=7.0 -L/Applications/Xcode.app/Contents/Developer/Platforms/iPhoneSimulator.platform/Developer/SDKs/iPhoneSimulator10.1.sdk/usr/lib -lSystem -fstack-protector -L/usr/local/lib   -arch x86_64   -lruby-static -framework CoreFoundation  -lpthread -ldl -lobjc "
checked program was:
/* begin */
 1: #include "ruby.h"
 2: 
 3: typedef _Bool rbcv_typedef_;
 4: rbcv_typedef_ *rbcv_ptr_;
 5: 
 6: #include <stdio.h>
 7: /*top*/
 8: typedef unsigned
 9: #ifdef PRI_LL_PREFIX
10: #define PRI_CONFTEST_PREFIX PRI_LL_PREFIX
11: LONG_LONG
12: #else
13: #define PRI_CONFTEST_PREFIX "l"
14: long
15: #endif
16: conftest_type;
17: conftest_type conftest_const = (conftest_type)(sizeof((*rbcv_ptr_)));
18: int main() {printf("%"PRI_CONFTEST_PREFIX"u\n", conftest_const); return 0;}
/* end */

./conftest |
--------------------

check_sizeof: checking size of long double... -------------------- 16

"clang -arch x86_64 -I../../../.ext/include/x86_64-darwin -I/Users/hiro/Library/Caches/CocoaPods/Pods/External/CRuby/193c1c8340a477e394e63f996e6fccdb/ruby/include -I/Users/hiro/Library/Caches/CocoaPods/Pods/External/CRuby/193c1c8340a477e394e63f996e6fccdb/ruby/ext/rbconfig/sizeof -pipe -Os -isysroot /Applications/Xcode.app/Contents/Developer/Platforms/iPhoneSimulator.platform/Developer/SDKs/iPhoneSimulator10.1.sdk -miphoneos-version-min=7.0 -D_XOPEN_SOURCE -D_DARWIN_C_SOURCE -D_DARWIN_UNLIMITED_SELECT -D_REENTRANT   -pipe -Os -isysroot /Applications/Xcode.app/Contents/Developer/Platforms/iPhoneSimulator.platform/Developer/SDKs/iPhoneSimulator10.1.sdk -miphoneos-version-min=7.0 -fvisibility=hidden  -arch x86_64  -c conftest.c"
conftest.c:7:20: error: 'conftest_const' declared as an array with a negative size
int conftest_const[(sizeof((*rbcv_ptr_)) < 0) ? 1 : -1];
                   ^~~~~~~~~~~~~~~~~~~~~~~~~~~~~~~~~~~
1 error generated.
checked program was:
/* begin */
1: #include "ruby.h"
2: 
3: typedef long double rbcv_typedef_;
4: rbcv_typedef_ *rbcv_ptr_;
5: 
6: /*top*/
7: int conftest_const[(sizeof((*rbcv_ptr_)) < 0) ? 1 : -1];
/* end */

"clang -arch x86_64 -o conftest -I../../../.ext/include/x86_64-darwin -I/Users/hiro/Library/Caches/CocoaPods/Pods/External/CRuby/193c1c8340a477e394e63f996e6fccdb/ruby/include -I/Users/hiro/Library/Caches/CocoaPods/Pods/External/CRuby/193c1c8340a477e394e63f996e6fccdb/ruby/ext/rbconfig/sizeof -pipe -Os -isysroot /Applications/Xcode.app/Contents/Developer/Platforms/iPhoneSimulator.platform/Developer/SDKs/iPhoneSimulator10.1.sdk -miphoneos-version-min=7.0 -D_XOPEN_SOURCE -D_DARWIN_C_SOURCE -D_DARWIN_UNLIMITED_SELECT -D_REENTRANT   -pipe -Os -isysroot /Applications/Xcode.app/Contents/Developer/Platforms/iPhoneSimulator.platform/Developer/SDKs/iPhoneSimulator10.1.sdk -miphoneos-version-min=7.0 -fvisibility=hidden conftest.c  -L. -L../../.. -L. -pipe -Os -isysroot /Applications/Xcode.app/Contents/Developer/Platforms/iPhoneSimulator.platform/Developer/SDKs/iPhoneSimulator10.1.sdk -miphoneos-version-min=7.0 -L/Applications/Xcode.app/Contents/Developer/Platforms/iPhoneSimulator.platform/Developer/SDKs/iPhoneSimulator10.1.sdk/usr/lib -lSystem -fstack-protector -L/usr/local/lib   -arch x86_64   -lruby-static -framework CoreFoundation  -lpthread -ldl -lobjc "
checked program was:
/* begin */
 1: #include "ruby.h"
 2: 
 3: typedef long double rbcv_typedef_;
 4: rbcv_typedef_ *rbcv_ptr_;
 5: 
 6: #include <stdio.h>
 7: /*top*/
 8: typedef unsigned
 9: #ifdef PRI_LL_PREFIX
10: #define PRI_CONFTEST_PREFIX PRI_LL_PREFIX
11: LONG_LONG
12: #else
13: #define PRI_CONFTEST_PREFIX "l"
14: long
15: #endif
16: conftest_type;
17: conftest_type conftest_const = (conftest_type)(sizeof((*rbcv_ptr_)));
18: int main() {printf("%"PRI_CONFTEST_PREFIX"u\n", conftest_const); return 0;}
/* end */

./conftest |
--------------------

check_sizeof: checking size of float _Complex... -------------------- 8

"clang -arch x86_64 -I../../../.ext/include/x86_64-darwin -I/Users/hiro/Library/Caches/CocoaPods/Pods/External/CRuby/193c1c8340a477e394e63f996e6fccdb/ruby/include -I/Users/hiro/Library/Caches/CocoaPods/Pods/External/CRuby/193c1c8340a477e394e63f996e6fccdb/ruby/ext/rbconfig/sizeof -pipe -Os -isysroot /Applications/Xcode.app/Contents/Developer/Platforms/iPhoneSimulator.platform/Developer/SDKs/iPhoneSimulator10.1.sdk -miphoneos-version-min=7.0 -D_XOPEN_SOURCE -D_DARWIN_C_SOURCE -D_DARWIN_UNLIMITED_SELECT -D_REENTRANT   -pipe -Os -isysroot /Applications/Xcode.app/Contents/Developer/Platforms/iPhoneSimulator.platform/Developer/SDKs/iPhoneSimulator10.1.sdk -miphoneos-version-min=7.0 -fvisibility=hidden  -arch x86_64  -c conftest.c"
conftest.c:7:20: error: 'conftest_const' declared as an array with a negative size
int conftest_const[(sizeof((*rbcv_ptr_)) < 0) ? 1 : -1];
                   ^~~~~~~~~~~~~~~~~~~~~~~~~~~~~~~~~~~
1 error generated.
checked program was:
/* begin */
1: #include "ruby.h"
2: 
3: typedef float _Complex rbcv_typedef_;
4: rbcv_typedef_ *rbcv_ptr_;
5: 
6: /*top*/
7: int conftest_const[(sizeof((*rbcv_ptr_)) < 0) ? 1 : -1];
/* end */

"clang -arch x86_64 -o conftest -I../../../.ext/include/x86_64-darwin -I/Users/hiro/Library/Caches/CocoaPods/Pods/External/CRuby/193c1c8340a477e394e63f996e6fccdb/ruby/include -I/Users/hiro/Library/Caches/CocoaPods/Pods/External/CRuby/193c1c8340a477e394e63f996e6fccdb/ruby/ext/rbconfig/sizeof -pipe -Os -isysroot /Applications/Xcode.app/Contents/Developer/Platforms/iPhoneSimulator.platform/Developer/SDKs/iPhoneSimulator10.1.sdk -miphoneos-version-min=7.0 -D_XOPEN_SOURCE -D_DARWIN_C_SOURCE -D_DARWIN_UNLIMITED_SELECT -D_REENTRANT   -pipe -Os -isysroot /Applications/Xcode.app/Contents/Developer/Platforms/iPhoneSimulator.platform/Developer/SDKs/iPhoneSimulator10.1.sdk -miphoneos-version-min=7.0 -fvisibility=hidden conftest.c  -L. -L../../.. -L. -pipe -Os -isysroot /Applications/Xcode.app/Contents/Developer/Platforms/iPhoneSimulator.platform/Developer/SDKs/iPhoneSimulator10.1.sdk -miphoneos-version-min=7.0 -L/Applications/Xcode.app/Contents/Developer/Platforms/iPhoneSimulator.platform/Developer/SDKs/iPhoneSimulator10.1.sdk/usr/lib -lSystem -fstack-protector -L/usr/local/lib   -arch x86_64   -lruby-static -framework CoreFoundation  -lpthread -ldl -lobjc "
checked program was:
/* begin */
 1: #include "ruby.h"
 2: 
 3: typedef float _Complex rbcv_typedef_;
 4: rbcv_typedef_ *rbcv_ptr_;
 5: 
 6: #include <stdio.h>
 7: /*top*/
 8: typedef unsigned
 9: #ifdef PRI_LL_PREFIX
10: #define PRI_CONFTEST_PREFIX PRI_LL_PREFIX
11: LONG_LONG
12: #else
13: #define PRI_CONFTEST_PREFIX "l"
14: long
15: #endif
16: conftest_type;
17: conftest_type conftest_const = (conftest_type)(sizeof((*rbcv_ptr_)));
18: int main() {printf("%"PRI_CONFTEST_PREFIX"u\n", conftest_const); return 0;}
/* end */

./conftest |
--------------------

check_sizeof: checking size of double _Complex... -------------------- 16

"clang -arch x86_64 -I../../../.ext/include/x86_64-darwin -I/Users/hiro/Library/Caches/CocoaPods/Pods/External/CRuby/193c1c8340a477e394e63f996e6fccdb/ruby/include -I/Users/hiro/Library/Caches/CocoaPods/Pods/External/CRuby/193c1c8340a477e394e63f996e6fccdb/ruby/ext/rbconfig/sizeof -pipe -Os -isysroot /Applications/Xcode.app/Contents/Developer/Platforms/iPhoneSimulator.platform/Developer/SDKs/iPhoneSimulator10.1.sdk -miphoneos-version-min=7.0 -D_XOPEN_SOURCE -D_DARWIN_C_SOURCE -D_DARWIN_UNLIMITED_SELECT -D_REENTRANT   -pipe -Os -isysroot /Applications/Xcode.app/Contents/Developer/Platforms/iPhoneSimulator.platform/Developer/SDKs/iPhoneSimulator10.1.sdk -miphoneos-version-min=7.0 -fvisibility=hidden  -arch x86_64  -c conftest.c"
conftest.c:7:20: error: 'conftest_const' declared as an array with a negative size
int conftest_const[(sizeof((*rbcv_ptr_)) < 0) ? 1 : -1];
                   ^~~~~~~~~~~~~~~~~~~~~~~~~~~~~~~~~~~
1 error generated.
checked program was:
/* begin */
1: #include "ruby.h"
2: 
3: typedef double _Complex rbcv_typedef_;
4: rbcv_typedef_ *rbcv_ptr_;
5: 
6: /*top*/
7: int conftest_const[(sizeof((*rbcv_ptr_)) < 0) ? 1 : -1];
/* end */

"clang -arch x86_64 -o conftest -I../../../.ext/include/x86_64-darwin -I/Users/hiro/Library/Caches/CocoaPods/Pods/External/CRuby/193c1c8340a477e394e63f996e6fccdb/ruby/include -I/Users/hiro/Library/Caches/CocoaPods/Pods/External/CRuby/193c1c8340a477e394e63f996e6fccdb/ruby/ext/rbconfig/sizeof -pipe -Os -isysroot /Applications/Xcode.app/Contents/Developer/Platforms/iPhoneSimulator.platform/Developer/SDKs/iPhoneSimulator10.1.sdk -miphoneos-version-min=7.0 -D_XOPEN_SOURCE -D_DARWIN_C_SOURCE -D_DARWIN_UNLIMITED_SELECT -D_REENTRANT   -pipe -Os -isysroot /Applications/Xcode.app/Contents/Developer/Platforms/iPhoneSimulator.platform/Developer/SDKs/iPhoneSimulator10.1.sdk -miphoneos-version-min=7.0 -fvisibility=hidden conftest.c  -L. -L../../.. -L. -pipe -Os -isysroot /Applications/Xcode.app/Contents/Developer/Platforms/iPhoneSimulator.platform/Developer/SDKs/iPhoneSimulator10.1.sdk -miphoneos-version-min=7.0 -L/Applications/Xcode.app/Contents/Developer/Platforms/iPhoneSimulator.platform/Developer/SDKs/iPhoneSimulator10.1.sdk/usr/lib -lSystem -fstack-protector -L/usr/local/lib   -arch x86_64   -lruby-static -framework CoreFoundation  -lpthread -ldl -lobjc "
checked program was:
/* begin */
 1: #include "ruby.h"
 2: 
 3: typedef double _Complex rbcv_typedef_;
 4: rbcv_typedef_ *rbcv_ptr_;
 5: 
 6: #include <stdio.h>
 7: /*top*/
 8: typedef unsigned
 9: #ifdef PRI_LL_PREFIX
10: #define PRI_CONFTEST_PREFIX PRI_LL_PREFIX
11: LONG_LONG
12: #else
13: #define PRI_CONFTEST_PREFIX "l"
14: long
15: #endif
16: conftest_type;
17: conftest_type conftest_const = (conftest_type)(sizeof((*rbcv_ptr_)));
18: int main() {printf("%"PRI_CONFTEST_PREFIX"u\n", conftest_const); return 0;}
/* end */

./conftest |
--------------------

check_sizeof: checking size of long double _Complex... -------------------- 32

"clang -arch x86_64 -I../../../.ext/include/x86_64-darwin -I/Users/hiro/Library/Caches/CocoaPods/Pods/External/CRuby/193c1c8340a477e394e63f996e6fccdb/ruby/include -I/Users/hiro/Library/Caches/CocoaPods/Pods/External/CRuby/193c1c8340a477e394e63f996e6fccdb/ruby/ext/rbconfig/sizeof -pipe -Os -isysroot /Applications/Xcode.app/Contents/Developer/Platforms/iPhoneSimulator.platform/Developer/SDKs/iPhoneSimulator10.1.sdk -miphoneos-version-min=7.0 -D_XOPEN_SOURCE -D_DARWIN_C_SOURCE -D_DARWIN_UNLIMITED_SELECT -D_REENTRANT   -pipe -Os -isysroot /Applications/Xcode.app/Contents/Developer/Platforms/iPhoneSimulator.platform/Developer/SDKs/iPhoneSimulator10.1.sdk -miphoneos-version-min=7.0 -fvisibility=hidden  -arch x86_64  -c conftest.c"
conftest.c:7:20: error: 'conftest_const' declared as an array with a negative size
int conftest_const[(sizeof((*rbcv_ptr_)) < 0) ? 1 : -1];
                   ^~~~~~~~~~~~~~~~~~~~~~~~~~~~~~~~~~~
1 error generated.
checked program was:
/* begin */
1: #include "ruby.h"
2: 
3: typedef long double _Complex rbcv_typedef_;
4: rbcv_typedef_ *rbcv_ptr_;
5: 
6: /*top*/
7: int conftest_const[(sizeof((*rbcv_ptr_)) < 0) ? 1 : -1];
/* end */

"clang -arch x86_64 -o conftest -I../../../.ext/include/x86_64-darwin -I/Users/hiro/Library/Caches/CocoaPods/Pods/External/CRuby/193c1c8340a477e394e63f996e6fccdb/ruby/include -I/Users/hiro/Library/Caches/CocoaPods/Pods/External/CRuby/193c1c8340a477e394e63f996e6fccdb/ruby/ext/rbconfig/sizeof -pipe -Os -isysroot /Applications/Xcode.app/Contents/Developer/Platforms/iPhoneSimulator.platform/Developer/SDKs/iPhoneSimulator10.1.sdk -miphoneos-version-min=7.0 -D_XOPEN_SOURCE -D_DARWIN_C_SOURCE -D_DARWIN_UNLIMITED_SELECT -D_REENTRANT   -pipe -Os -isysroot /Applications/Xcode.app/Contents/Developer/Platforms/iPhoneSimulator.platform/Developer/SDKs/iPhoneSimulator10.1.sdk -miphoneos-version-min=7.0 -fvisibility=hidden conftest.c  -L. -L../../.. -L. -pipe -Os -isysroot /Applications/Xcode.app/Contents/Developer/Platforms/iPhoneSimulator.platform/Developer/SDKs/iPhoneSimulator10.1.sdk -miphoneos-version-min=7.0 -L/Applications/Xcode.app/Contents/Developer/Platforms/iPhoneSimulator.platform/Developer/SDKs/iPhoneSimulator10.1.sdk/usr/lib -lSystem -fstack-protector -L/usr/local/lib   -arch x86_64   -lruby-static -framework CoreFoundation  -lpthread -ldl -lobjc "
checked program was:
/* begin */
 1: #include "ruby.h"
 2: 
 3: typedef long double _Complex rbcv_typedef_;
 4: rbcv_typedef_ *rbcv_ptr_;
 5: 
 6: #include <stdio.h>
 7: /*top*/
 8: typedef unsigned
 9: #ifdef PRI_LL_PREFIX
10: #define PRI_CONFTEST_PREFIX PRI_LL_PREFIX
11: LONG_LONG
12: #else
13: #define PRI_CONFTEST_PREFIX "l"
14: long
15: #endif
16: conftest_type;
17: conftest_type conftest_const = (conftest_type)(sizeof((*rbcv_ptr_)));
18: int main() {printf("%"PRI_CONFTEST_PREFIX"u\n", conftest_const); return 0;}
/* end */

./conftest |
--------------------

check_sizeof: checking size of float _Imaginary... -------------------- failed

"clang -arch x86_64 -I../../../.ext/include/x86_64-darwin -I/Users/hiro/Library/Caches/CocoaPods/Pods/External/CRuby/193c1c8340a477e394e63f996e6fccdb/ruby/include -I/Users/hiro/Library/Caches/CocoaPods/Pods/External/CRuby/193c1c8340a477e394e63f996e6fccdb/ruby/ext/rbconfig/sizeof -pipe -Os -isysroot /Applications/Xcode.app/Contents/Developer/Platforms/iPhoneSimulator.platform/Developer/SDKs/iPhoneSimulator10.1.sdk -miphoneos-version-min=7.0 -D_XOPEN_SOURCE -D_DARWIN_C_SOURCE -D_DARWIN_UNLIMITED_SELECT -D_REENTRANT   -pipe -Os -isysroot /Applications/Xcode.app/Contents/Developer/Platforms/iPhoneSimulator.platform/Developer/SDKs/iPhoneSimulator10.1.sdk -miphoneos-version-min=7.0 -fvisibility=hidden  -arch x86_64  -c conftest.c"
conftest.c:3:15: error: imaginary types are not supported
typedef float _Imaginary rbcv_typedef_;
              ^
conftest.c:7:20: error: 'conftest_const' declared as an array with a negative size
int conftest_const[(sizeof((*rbcv_ptr_)) < 0) ? 1 : -1];
                   ^~~~~~~~~~~~~~~~~~~~~~~~~~~~~~~~~~~
2 errors generated.
checked program was:
/* begin */
1: #include "ruby.h"
2: 
3: typedef float _Imaginary rbcv_typedef_;
4: rbcv_typedef_ *rbcv_ptr_;
5: 
6: /*top*/
7: int conftest_const[(sizeof((*rbcv_ptr_)) < 0) ? 1 : -1];
/* end */

"clang -arch x86_64 -o conftest -I../../../.ext/include/x86_64-darwin -I/Users/hiro/Library/Caches/CocoaPods/Pods/External/CRuby/193c1c8340a477e394e63f996e6fccdb/ruby/include -I/Users/hiro/Library/Caches/CocoaPods/Pods/External/CRuby/193c1c8340a477e394e63f996e6fccdb/ruby/ext/rbconfig/sizeof -pipe -Os -isysroot /Applications/Xcode.app/Contents/Developer/Platforms/iPhoneSimulator.platform/Developer/SDKs/iPhoneSimulator10.1.sdk -miphoneos-version-min=7.0 -D_XOPEN_SOURCE -D_DARWIN_C_SOURCE -D_DARWIN_UNLIMITED_SELECT -D_REENTRANT   -pipe -Os -isysroot /Applications/Xcode.app/Contents/Developer/Platforms/iPhoneSimulator.platform/Developer/SDKs/iPhoneSimulator10.1.sdk -miphoneos-version-min=7.0 -fvisibility=hidden conftest.c  -L. -L../../.. -L. -pipe -Os -isysroot /Applications/Xcode.app/Contents/Developer/Platforms/iPhoneSimulator.platform/Developer/SDKs/iPhoneSimulator10.1.sdk -miphoneos-version-min=7.0 -L/Applications/Xcode.app/Contents/Developer/Platforms/iPhoneSimulator.platform/Developer/SDKs/iPhoneSimulator10.1.sdk/usr/lib -lSystem -fstack-protector -L/usr/local/lib   -arch x86_64   -lruby-static -framework CoreFoundation  -lpthread -ldl -lobjc "
conftest.c:3:15: error: imaginary types are not supported
typedef float _Imaginary rbcv_typedef_;
              ^
1 error generated.
checked program was:
/* begin */
 1: #include "ruby.h"
 2: 
 3: typedef float _Imaginary rbcv_typedef_;
 4: rbcv_typedef_ *rbcv_ptr_;
 5: 
 6: #include <stdio.h>
 7: /*top*/
 8: typedef unsigned
 9: #ifdef PRI_LL_PREFIX
10: #define PRI_CONFTEST_PREFIX PRI_LL_PREFIX
11: LONG_LONG
12: #else
13: #define PRI_CONFTEST_PREFIX "l"
14: long
15: #endif
16: conftest_type;
17: conftest_type conftest_const = (conftest_type)(sizeof((*rbcv_ptr_)));
18: int main() {printf("%"PRI_CONFTEST_PREFIX"u\n", conftest_const); return 0;}
/* end */

--------------------

check_sizeof: checking size of double _Imaginary... -------------------- failed

"clang -arch x86_64 -I../../../.ext/include/x86_64-darwin -I/Users/hiro/Library/Caches/CocoaPods/Pods/External/CRuby/193c1c8340a477e394e63f996e6fccdb/ruby/include -I/Users/hiro/Library/Caches/CocoaPods/Pods/External/CRuby/193c1c8340a477e394e63f996e6fccdb/ruby/ext/rbconfig/sizeof -pipe -Os -isysroot /Applications/Xcode.app/Contents/Developer/Platforms/iPhoneSimulator.platform/Developer/SDKs/iPhoneSimulator10.1.sdk -miphoneos-version-min=7.0 -D_XOPEN_SOURCE -D_DARWIN_C_SOURCE -D_DARWIN_UNLIMITED_SELECT -D_REENTRANT   -pipe -Os -isysroot /Applications/Xcode.app/Contents/Developer/Platforms/iPhoneSimulator.platform/Developer/SDKs/iPhoneSimulator10.1.sdk -miphoneos-version-min=7.0 -fvisibility=hidden  -arch x86_64  -c conftest.c"
conftest.c:3:16: error: imaginary types are not supported
typedef double _Imaginary rbcv_typedef_;
               ^
conftest.c:7:20: error: 'conftest_const' declared as an array with a negative size
int conftest_const[(sizeof((*rbcv_ptr_)) < 0) ? 1 : -1];
                   ^~~~~~~~~~~~~~~~~~~~~~~~~~~~~~~~~~~
2 errors generated.
checked program was:
/* begin */
1: #include "ruby.h"
2: 
3: typedef double _Imaginary rbcv_typedef_;
4: rbcv_typedef_ *rbcv_ptr_;
5: 
6: /*top*/
7: int conftest_const[(sizeof((*rbcv_ptr_)) < 0) ? 1 : -1];
/* end */

"clang -arch x86_64 -o conftest -I../../../.ext/include/x86_64-darwin -I/Users/hiro/Library/Caches/CocoaPods/Pods/External/CRuby/193c1c8340a477e394e63f996e6fccdb/ruby/include -I/Users/hiro/Library/Caches/CocoaPods/Pods/External/CRuby/193c1c8340a477e394e63f996e6fccdb/ruby/ext/rbconfig/sizeof -pipe -Os -isysroot /Applications/Xcode.app/Contents/Developer/Platforms/iPhoneSimulator.platform/Developer/SDKs/iPhoneSimulator10.1.sdk -miphoneos-version-min=7.0 -D_XOPEN_SOURCE -D_DARWIN_C_SOURCE -D_DARWIN_UNLIMITED_SELECT -D_REENTRANT   -pipe -Os -isysroot /Applications/Xcode.app/Contents/Developer/Platforms/iPhoneSimulator.platform/Developer/SDKs/iPhoneSimulator10.1.sdk -miphoneos-version-min=7.0 -fvisibility=hidden conftest.c  -L. -L../../.. -L. -pipe -Os -isysroot /Applications/Xcode.app/Contents/Developer/Platforms/iPhoneSimulator.platform/Developer/SDKs/iPhoneSimulator10.1.sdk -miphoneos-version-min=7.0 -L/Applications/Xcode.app/Contents/Developer/Platforms/iPhoneSimulator.platform/Developer/SDKs/iPhoneSimulator10.1.sdk/usr/lib -lSystem -fstack-protector -L/usr/local/lib   -arch x86_64   -lruby-static -framework CoreFoundation  -lpthread -ldl -lobjc "
conftest.c:3:16: error: imaginary types are not supported
typedef double _Imaginary rbcv_typedef_;
               ^
1 error generated.
checked program was:
/* begin */
 1: #include "ruby.h"
 2: 
 3: typedef double _Imaginary rbcv_typedef_;
 4: rbcv_typedef_ *rbcv_ptr_;
 5: 
 6: #include <stdio.h>
 7: /*top*/
 8: typedef unsigned
 9: #ifdef PRI_LL_PREFIX
10: #define PRI_CONFTEST_PREFIX PRI_LL_PREFIX
11: LONG_LONG
12: #else
13: #define PRI_CONFTEST_PREFIX "l"
14: long
15: #endif
16: conftest_type;
17: conftest_type conftest_const = (conftest_type)(sizeof((*rbcv_ptr_)));
18: int main() {printf("%"PRI_CONFTEST_PREFIX"u\n", conftest_const); return 0;}
/* end */

--------------------

check_sizeof: checking size of long double _Imaginary... -------------------- failed

"clang -arch x86_64 -I../../../.ext/include/x86_64-darwin -I/Users/hiro/Library/Caches/CocoaPods/Pods/External/CRuby/193c1c8340a477e394e63f996e6fccdb/ruby/include -I/Users/hiro/Library/Caches/CocoaPods/Pods/External/CRuby/193c1c8340a477e394e63f996e6fccdb/ruby/ext/rbconfig/sizeof -pipe -Os -isysroot /Applications/Xcode.app/Contents/Developer/Platforms/iPhoneSimulator.platform/Developer/SDKs/iPhoneSimulator10.1.sdk -miphoneos-version-min=7.0 -D_XOPEN_SOURCE -D_DARWIN_C_SOURCE -D_DARWIN_UNLIMITED_SELECT -D_REENTRANT   -pipe -Os -isysroot /Applications/Xcode.app/Contents/Developer/Platforms/iPhoneSimulator.platform/Developer/SDKs/iPhoneSimulator10.1.sdk -miphoneos-version-min=7.0 -fvisibility=hidden  -arch x86_64  -c conftest.c"
conftest.c:3:21: error: imaginary types are not supported
typedef long double _Imaginary rbcv_typedef_;
                    ^
conftest.c:7:20: error: 'conftest_const' declared as an array with a negative size
int conftest_const[(sizeof((*rbcv_ptr_)) < 0) ? 1 : -1];
                   ^~~~~~~~~~~~~~~~~~~~~~~~~~~~~~~~~~~
2 errors generated.
checked program was:
/* begin */
1: #include "ruby.h"
2: 
3: typedef long double _Imaginary rbcv_typedef_;
4: rbcv_typedef_ *rbcv_ptr_;
5: 
6: /*top*/
7: int conftest_const[(sizeof((*rbcv_ptr_)) < 0) ? 1 : -1];
/* end */

"clang -arch x86_64 -o conftest -I../../../.ext/include/x86_64-darwin -I/Users/hiro/Library/Caches/CocoaPods/Pods/External/CRuby/193c1c8340a477e394e63f996e6fccdb/ruby/include -I/Users/hiro/Library/Caches/CocoaPods/Pods/External/CRuby/193c1c8340a477e394e63f996e6fccdb/ruby/ext/rbconfig/sizeof -pipe -Os -isysroot /Applications/Xcode.app/Contents/Developer/Platforms/iPhoneSimulator.platform/Developer/SDKs/iPhoneSimulator10.1.sdk -miphoneos-version-min=7.0 -D_XOPEN_SOURCE -D_DARWIN_C_SOURCE -D_DARWIN_UNLIMITED_SELECT -D_REENTRANT   -pipe -Os -isysroot /Applications/Xcode.app/Contents/Developer/Platforms/iPhoneSimulator.platform/Developer/SDKs/iPhoneSimulator10.1.sdk -miphoneos-version-min=7.0 -fvisibility=hidden conftest.c  -L. -L../../.. -L. -pipe -Os -isysroot /Applications/Xcode.app/Contents/Developer/Platforms/iPhoneSimulator.platform/Developer/SDKs/iPhoneSimulator10.1.sdk -miphoneos-version-min=7.0 -L/Applications/Xcode.app/Contents/Developer/Platforms/iPhoneSimulator.platform/Developer/SDKs/iPhoneSimulator10.1.sdk/usr/lib -lSystem -fstack-protector -L/usr/local/lib   -arch x86_64   -lruby-static -framework CoreFoundation  -lpthread -ldl -lobjc "
conftest.c:3:21: error: imaginary types are not supported
typedef long double _Imaginary rbcv_typedef_;
                    ^
1 error generated.
checked program was:
/* begin */
 1: #include "ruby.h"
 2: 
 3: typedef long double _Imaginary rbcv_typedef_;
 4: rbcv_typedef_ *rbcv_ptr_;
 5: 
 6: #include <stdio.h>
 7: /*top*/
 8: typedef unsigned
 9: #ifdef PRI_LL_PREFIX
10: #define PRI_CONFTEST_PREFIX PRI_LL_PREFIX
11: LONG_LONG
12: #else
13: #define PRI_CONFTEST_PREFIX "l"
14: long
15: #endif
16: conftest_type;
17: conftest_type conftest_const = (conftest_type)(sizeof((*rbcv_ptr_)));
18: int main() {printf("%"PRI_CONFTEST_PREFIX"u\n", conftest_const); return 0;}
/* end */

--------------------

check_sizeof: checking size of __int128... -------------------- 16

"clang -arch x86_64 -I../../../.ext/include/x86_64-darwin -I/Users/hiro/Library/Caches/CocoaPods/Pods/External/CRuby/193c1c8340a477e394e63f996e6fccdb/ruby/include -I/Users/hiro/Library/Caches/CocoaPods/Pods/External/CRuby/193c1c8340a477e394e63f996e6fccdb/ruby/ext/rbconfig/sizeof -pipe -Os -isysroot /Applications/Xcode.app/Contents/Developer/Platforms/iPhoneSimulator.platform/Developer/SDKs/iPhoneSimulator10.1.sdk -miphoneos-version-min=7.0 -D_XOPEN_SOURCE -D_DARWIN_C_SOURCE -D_DARWIN_UNLIMITED_SELECT -D_REENTRANT   -pipe -Os -isysroot /Applications/Xcode.app/Contents/Developer/Platforms/iPhoneSimulator.platform/Developer/SDKs/iPhoneSimulator10.1.sdk -miphoneos-version-min=7.0 -fvisibility=hidden  -arch x86_64  -c conftest.c"
conftest.c:7:20: error: 'conftest_const' declared as an array with a negative size
int conftest_const[(sizeof((*rbcv_ptr_)) < 0) ? 1 : -1];
                   ^~~~~~~~~~~~~~~~~~~~~~~~~~~~~~~~~~~
1 error generated.
checked program was:
/* begin */
1: #include "ruby.h"
2: 
3: typedef __int128 rbcv_typedef_;
4: rbcv_typedef_ *rbcv_ptr_;
5: 
6: /*top*/
7: int conftest_const[(sizeof((*rbcv_ptr_)) < 0) ? 1 : -1];
/* end */

"clang -arch x86_64 -o conftest -I../../../.ext/include/x86_64-darwin -I/Users/hiro/Library/Caches/CocoaPods/Pods/External/CRuby/193c1c8340a477e394e63f996e6fccdb/ruby/include -I/Users/hiro/Library/Caches/CocoaPods/Pods/External/CRuby/193c1c8340a477e394e63f996e6fccdb/ruby/ext/rbconfig/sizeof -pipe -Os -isysroot /Applications/Xcode.app/Contents/Developer/Platforms/iPhoneSimulator.platform/Developer/SDKs/iPhoneSimulator10.1.sdk -miphoneos-version-min=7.0 -D_XOPEN_SOURCE -D_DARWIN_C_SOURCE -D_DARWIN_UNLIMITED_SELECT -D_REENTRANT   -pipe -Os -isysroot /Applications/Xcode.app/Contents/Developer/Platforms/iPhoneSimulator.platform/Developer/SDKs/iPhoneSimulator10.1.sdk -miphoneos-version-min=7.0 -fvisibility=hidden conftest.c  -L. -L../../.. -L. -pipe -Os -isysroot /Applications/Xcode.app/Contents/Developer/Platforms/iPhoneSimulator.platform/Developer/SDKs/iPhoneSimulator10.1.sdk -miphoneos-version-min=7.0 -L/Applications/Xcode.app/Contents/Developer/Platforms/iPhoneSimulator.platform/Developer/SDKs/iPhoneSimulator10.1.sdk/usr/lib -lSystem -fstack-protector -L/usr/local/lib   -arch x86_64   -lruby-static -framework CoreFoundation  -lpthread -ldl -lobjc "
checked program was:
/* begin */
 1: #include "ruby.h"
 2: 
 3: typedef __int128 rbcv_typedef_;
 4: rbcv_typedef_ *rbcv_ptr_;
 5: 
 6: #include <stdio.h>
 7: /*top*/
 8: typedef unsigned
 9: #ifdef PRI_LL_PREFIX
10: #define PRI_CONFTEST_PREFIX PRI_LL_PREFIX
11: LONG_LONG
12: #else
13: #define PRI_CONFTEST_PREFIX "l"
14: long
15: #endif
16: conftest_type;
17: conftest_type conftest_const = (conftest_type)(sizeof((*rbcv_ptr_)));
18: int main() {printf("%"PRI_CONFTEST_PREFIX"u\n", conftest_const); return 0;}
/* end */

./conftest |
--------------------

check_sizeof: checking size of __float128... -------------------- failed

"clang -arch x86_64 -I../../../.ext/include/x86_64-darwin -I/Users/hiro/Library/Caches/CocoaPods/Pods/External/CRuby/193c1c8340a477e394e63f996e6fccdb/ruby/include -I/Users/hiro/Library/Caches/CocoaPods/Pods/External/CRuby/193c1c8340a477e394e63f996e6fccdb/ruby/ext/rbconfig/sizeof -pipe -Os -isysroot /Applications/Xcode.app/Contents/Developer/Platforms/iPhoneSimulator.platform/Developer/SDKs/iPhoneSimulator10.1.sdk -miphoneos-version-min=7.0 -D_XOPEN_SOURCE -D_DARWIN_C_SOURCE -D_DARWIN_UNLIMITED_SELECT -D_REENTRANT   -pipe -Os -isysroot /Applications/Xcode.app/Contents/Developer/Platforms/iPhoneSimulator.platform/Developer/SDKs/iPhoneSimulator10.1.sdk -miphoneos-version-min=7.0 -fvisibility=hidden  -arch x86_64  -c conftest.c"
conftest.c:3:9: error: unknown type name '__float128'
typedef __float128 rbcv_typedef_;
        ^
conftest.c:7:20: error: 'conftest_const' declared as an array with a negative size
int conftest_const[(sizeof((*rbcv_ptr_)) < 0) ? 1 : -1];
                   ^~~~~~~~~~~~~~~~~~~~~~~~~~~~~~~~~~~
2 errors generated.
checked program was:
/* begin */
1: #include "ruby.h"
2: 
3: typedef __float128 rbcv_typedef_;
4: rbcv_typedef_ *rbcv_ptr_;
5: 
6: /*top*/
7: int conftest_const[(sizeof((*rbcv_ptr_)) < 0) ? 1 : -1];
/* end */

"clang -arch x86_64 -o conftest -I../../../.ext/include/x86_64-darwin -I/Users/hiro/Library/Caches/CocoaPods/Pods/External/CRuby/193c1c8340a477e394e63f996e6fccdb/ruby/include -I/Users/hiro/Library/Caches/CocoaPods/Pods/External/CRuby/193c1c8340a477e394e63f996e6fccdb/ruby/ext/rbconfig/sizeof -pipe -Os -isysroot /Applications/Xcode.app/Contents/Developer/Platforms/iPhoneSimulator.platform/Developer/SDKs/iPhoneSimulator10.1.sdk -miphoneos-version-min=7.0 -D_XOPEN_SOURCE -D_DARWIN_C_SOURCE -D_DARWIN_UNLIMITED_SELECT -D_REENTRANT   -pipe -Os -isysroot /Applications/Xcode.app/Contents/Developer/Platforms/iPhoneSimulator.platform/Developer/SDKs/iPhoneSimulator10.1.sdk -miphoneos-version-min=7.0 -fvisibility=hidden conftest.c  -L. -L../../.. -L. -pipe -Os -isysroot /Applications/Xcode.app/Contents/Developer/Platforms/iPhoneSimulator.platform/Developer/SDKs/iPhoneSimulator10.1.sdk -miphoneos-version-min=7.0 -L/Applications/Xcode.app/Contents/Developer/Platforms/iPhoneSimulator.platform/Developer/SDKs/iPhoneSimulator10.1.sdk/usr/lib -lSystem -fstack-protector -L/usr/local/lib   -arch x86_64   -lruby-static -framework CoreFoundation  -lpthread -ldl -lobjc "
conftest.c:3:9: error: unknown type name '__float128'
typedef __float128 rbcv_typedef_;
        ^
1 error generated.
checked program was:
/* begin */
 1: #include "ruby.h"
 2: 
 3: typedef __float128 rbcv_typedef_;
 4: rbcv_typedef_ *rbcv_ptr_;
 5: 
 6: #include <stdio.h>
 7: /*top*/
 8: typedef unsigned
 9: #ifdef PRI_LL_PREFIX
10: #define PRI_CONFTEST_PREFIX PRI_LL_PREFIX
11: LONG_LONG
12: #else
13: #define PRI_CONFTEST_PREFIX "l"
14: long
15: #endif
16: conftest_type;
17: conftest_type conftest_const = (conftest_type)(sizeof((*rbcv_ptr_)));
18: int main() {printf("%"PRI_CONFTEST_PREFIX"u\n", conftest_const); return 0;}
/* end */

--------------------

check_sizeof: checking size of _Decimal32... -------------------- failed

"clang -arch x86_64 -I../../../.ext/include/x86_64-darwin -I/Users/hiro/Library/Caches/CocoaPods/Pods/External/CRuby/193c1c8340a477e394e63f996e6fccdb/ruby/include -I/Users/hiro/Library/Caches/CocoaPods/Pods/External/CRuby/193c1c8340a477e394e63f996e6fccdb/ruby/ext/rbconfig/sizeof -pipe -Os -isysroot /Applications/Xcode.app/Contents/Developer/Platforms/iPhoneSimulator.platform/Developer/SDKs/iPhoneSimulator10.1.sdk -miphoneos-version-min=7.0 -D_XOPEN_SOURCE -D_DARWIN_C_SOURCE -D_DARWIN_UNLIMITED_SELECT -D_REENTRANT   -pipe -Os -isysroot /Applications/Xcode.app/Contents/Developer/Platforms/iPhoneSimulator.platform/Developer/SDKs/iPhoneSimulator10.1.sdk -miphoneos-version-min=7.0 -fvisibility=hidden  -arch x86_64  -c conftest.c"
conftest.c:3:9: error: GNU decimal type extension not supported
typedef _Decimal32 rbcv_typedef_;
        ^
conftest.c:7:20: error: 'conftest_const' declared as an array with a negative size
int conftest_const[(sizeof((*rbcv_ptr_)) < 0) ? 1 : -1];
                   ^~~~~~~~~~~~~~~~~~~~~~~~~~~~~~~~~~~
2 errors generated.
checked program was:
/* begin */
1: #include "ruby.h"
2: 
3: typedef _Decimal32 rbcv_typedef_;
4: rbcv_typedef_ *rbcv_ptr_;
5: 
6: /*top*/
7: int conftest_const[(sizeof((*rbcv_ptr_)) < 0) ? 1 : -1];
/* end */

"clang -arch x86_64 -o conftest -I../../../.ext/include/x86_64-darwin -I/Users/hiro/Library/Caches/CocoaPods/Pods/External/CRuby/193c1c8340a477e394e63f996e6fccdb/ruby/include -I/Users/hiro/Library/Caches/CocoaPods/Pods/External/CRuby/193c1c8340a477e394e63f996e6fccdb/ruby/ext/rbconfig/sizeof -pipe -Os -isysroot /Applications/Xcode.app/Contents/Developer/Platforms/iPhoneSimulator.platform/Developer/SDKs/iPhoneSimulator10.1.sdk -miphoneos-version-min=7.0 -D_XOPEN_SOURCE -D_DARWIN_C_SOURCE -D_DARWIN_UNLIMITED_SELECT -D_REENTRANT   -pipe -Os -isysroot /Applications/Xcode.app/Contents/Developer/Platforms/iPhoneSimulator.platform/Developer/SDKs/iPhoneSimulator10.1.sdk -miphoneos-version-min=7.0 -fvisibility=hidden conftest.c  -L. -L../../.. -L. -pipe -Os -isysroot /Applications/Xcode.app/Contents/Developer/Platforms/iPhoneSimulator.platform/Developer/SDKs/iPhoneSimulator10.1.sdk -miphoneos-version-min=7.0 -L/Applications/Xcode.app/Contents/Developer/Platforms/iPhoneSimulator.platform/Developer/SDKs/iPhoneSimulator10.1.sdk/usr/lib -lSystem -fstack-protector -L/usr/local/lib   -arch x86_64   -lruby-static -framework CoreFoundation  -lpthread -ldl -lobjc "
conftest.c:3:9: error: GNU decimal type extension not supported
typedef _Decimal32 rbcv_typedef_;
        ^
1 error generated.
checked program was:
/* begin */
 1: #include "ruby.h"
 2: 
 3: typedef _Decimal32 rbcv_typedef_;
 4: rbcv_typedef_ *rbcv_ptr_;
 5: 
 6: #include <stdio.h>
 7: /*top*/
 8: typedef unsigned
 9: #ifdef PRI_LL_PREFIX
10: #define PRI_CONFTEST_PREFIX PRI_LL_PREFIX
11: LONG_LONG
12: #else
13: #define PRI_CONFTEST_PREFIX "l"
14: long
15: #endif
16: conftest_type;
17: conftest_type conftest_const = (conftest_type)(sizeof((*rbcv_ptr_)));
18: int main() {printf("%"PRI_CONFTEST_PREFIX"u\n", conftest_const); return 0;}
/* end */

--------------------

check_sizeof: checking size of _Decimal64... -------------------- failed

"clang -arch x86_64 -I../../../.ext/include/x86_64-darwin -I/Users/hiro/Library/Caches/CocoaPods/Pods/External/CRuby/193c1c8340a477e394e63f996e6fccdb/ruby/include -I/Users/hiro/Library/Caches/CocoaPods/Pods/External/CRuby/193c1c8340a477e394e63f996e6fccdb/ruby/ext/rbconfig/sizeof -pipe -Os -isysroot /Applications/Xcode.app/Contents/Developer/Platforms/iPhoneSimulator.platform/Developer/SDKs/iPhoneSimulator10.1.sdk -miphoneos-version-min=7.0 -D_XOPEN_SOURCE -D_DARWIN_C_SOURCE -D_DARWIN_UNLIMITED_SELECT -D_REENTRANT   -pipe -Os -isysroot /Applications/Xcode.app/Contents/Developer/Platforms/iPhoneSimulator.platform/Developer/SDKs/iPhoneSimulator10.1.sdk -miphoneos-version-min=7.0 -fvisibility=hidden  -arch x86_64  -c conftest.c"
conftest.c:3:9: error: GNU decimal type extension not supported
typedef _Decimal64 rbcv_typedef_;
        ^
conftest.c:7:20: error: 'conftest_const' declared as an array with a negative size
int conftest_const[(sizeof((*rbcv_ptr_)) < 0) ? 1 : -1];
                   ^~~~~~~~~~~~~~~~~~~~~~~~~~~~~~~~~~~
2 errors generated.
checked program was:
/* begin */
1: #include "ruby.h"
2: 
3: typedef _Decimal64 rbcv_typedef_;
4: rbcv_typedef_ *rbcv_ptr_;
5: 
6: /*top*/
7: int conftest_const[(sizeof((*rbcv_ptr_)) < 0) ? 1 : -1];
/* end */

"clang -arch x86_64 -o conftest -I../../../.ext/include/x86_64-darwin -I/Users/hiro/Library/Caches/CocoaPods/Pods/External/CRuby/193c1c8340a477e394e63f996e6fccdb/ruby/include -I/Users/hiro/Library/Caches/CocoaPods/Pods/External/CRuby/193c1c8340a477e394e63f996e6fccdb/ruby/ext/rbconfig/sizeof -pipe -Os -isysroot /Applications/Xcode.app/Contents/Developer/Platforms/iPhoneSimulator.platform/Developer/SDKs/iPhoneSimulator10.1.sdk -miphoneos-version-min=7.0 -D_XOPEN_SOURCE -D_DARWIN_C_SOURCE -D_DARWIN_UNLIMITED_SELECT -D_REENTRANT   -pipe -Os -isysroot /Applications/Xcode.app/Contents/Developer/Platforms/iPhoneSimulator.platform/Developer/SDKs/iPhoneSimulator10.1.sdk -miphoneos-version-min=7.0 -fvisibility=hidden conftest.c  -L. -L../../.. -L. -pipe -Os -isysroot /Applications/Xcode.app/Contents/Developer/Platforms/iPhoneSimulator.platform/Developer/SDKs/iPhoneSimulator10.1.sdk -miphoneos-version-min=7.0 -L/Applications/Xcode.app/Contents/Developer/Platforms/iPhoneSimulator.platform/Developer/SDKs/iPhoneSimulator10.1.sdk/usr/lib -lSystem -fstack-protector -L/usr/local/lib   -arch x86_64   -lruby-static -framework CoreFoundation  -lpthread -ldl -lobjc "
conftest.c:3:9: error: GNU decimal type extension not supported
typedef _Decimal64 rbcv_typedef_;
        ^
1 error generated.
checked program was:
/* begin */
 1: #include "ruby.h"
 2: 
 3: typedef _Decimal64 rbcv_typedef_;
 4: rbcv_typedef_ *rbcv_ptr_;
 5: 
 6: #include <stdio.h>
 7: /*top*/
 8: typedef unsigned
 9: #ifdef PRI_LL_PREFIX
10: #define PRI_CONFTEST_PREFIX PRI_LL_PREFIX
11: LONG_LONG
12: #else
13: #define PRI_CONFTEST_PREFIX "l"
14: long
15: #endif
16: conftest_type;
17: conftest_type conftest_const = (conftest_type)(sizeof((*rbcv_ptr_)));
18: int main() {printf("%"PRI_CONFTEST_PREFIX"u\n", conftest_const); return 0;}
/* end */

--------------------

check_sizeof: checking size of _Decimal128... -------------------- failed

"clang -arch x86_64 -I../../../.ext/include/x86_64-darwin -I/Users/hiro/Library/Caches/CocoaPods/Pods/External/CRuby/193c1c8340a477e394e63f996e6fccdb/ruby/include -I/Users/hiro/Library/Caches/CocoaPods/Pods/External/CRuby/193c1c8340a477e394e63f996e6fccdb/ruby/ext/rbconfig/sizeof -pipe -Os -isysroot /Applications/Xcode.app/Contents/Developer/Platforms/iPhoneSimulator.platform/Developer/SDKs/iPhoneSimulator10.1.sdk -miphoneos-version-min=7.0 -D_XOPEN_SOURCE -D_DARWIN_C_SOURCE -D_DARWIN_UNLIMITED_SELECT -D_REENTRANT   -pipe -Os -isysroot /Applications/Xcode.app/Contents/Developer/Platforms/iPhoneSimulator.platform/Developer/SDKs/iPhoneSimulator10.1.sdk -miphoneos-version-min=7.0 -fvisibility=hidden  -arch x86_64  -c conftest.c"
conftest.c:3:9: error: GNU decimal type extension not supported
typedef _Decimal128 rbcv_typedef_;
        ^
conftest.c:7:20: error: 'conftest_const' declared as an array with a negative size
int conftest_const[(sizeof((*rbcv_ptr_)) < 0) ? 1 : -1];
                   ^~~~~~~~~~~~~~~~~~~~~~~~~~~~~~~~~~~
2 errors generated.
checked program was:
/* begin */
1: #include "ruby.h"
2: 
3: typedef _Decimal128 rbcv_typedef_;
4: rbcv_typedef_ *rbcv_ptr_;
5: 
6: /*top*/
7: int conftest_const[(sizeof((*rbcv_ptr_)) < 0) ? 1 : -1];
/* end */

"clang -arch x86_64 -o conftest -I../../../.ext/include/x86_64-darwin -I/Users/hiro/Library/Caches/CocoaPods/Pods/External/CRuby/193c1c8340a477e394e63f996e6fccdb/ruby/include -I/Users/hiro/Library/Caches/CocoaPods/Pods/External/CRuby/193c1c8340a477e394e63f996e6fccdb/ruby/ext/rbconfig/sizeof -pipe -Os -isysroot /Applications/Xcode.app/Contents/Developer/Platforms/iPhoneSimulator.platform/Developer/SDKs/iPhoneSimulator10.1.sdk -miphoneos-version-min=7.0 -D_XOPEN_SOURCE -D_DARWIN_C_SOURCE -D_DARWIN_UNLIMITED_SELECT -D_REENTRANT   -pipe -Os -isysroot /Applications/Xcode.app/Contents/Developer/Platforms/iPhoneSimulator.platform/Developer/SDKs/iPhoneSimulator10.1.sdk -miphoneos-version-min=7.0 -fvisibility=hidden conftest.c  -L. -L../../.. -L. -pipe -Os -isysroot /Applications/Xcode.app/Contents/Developer/Platforms/iPhoneSimulator.platform/Developer/SDKs/iPhoneSimulator10.1.sdk -miphoneos-version-min=7.0 -L/Applications/Xcode.app/Contents/Developer/Platforms/iPhoneSimulator.platform/Developer/SDKs/iPhoneSimulator10.1.sdk/usr/lib -lSystem -fstack-protector -L/usr/local/lib   -arch x86_64   -lruby-static -framework CoreFoundation  -lpthread -ldl -lobjc "
conftest.c:3:9: error: GNU decimal type extension not supported
typedef _Decimal128 rbcv_typedef_;
        ^
1 error generated.
checked program was:
/* begin */
 1: #include "ruby.h"
 2: 
 3: typedef _Decimal128 rbcv_typedef_;
 4: rbcv_typedef_ *rbcv_ptr_;
 5: 
 6: #include <stdio.h>
 7: /*top*/
 8: typedef unsigned
 9: #ifdef PRI_LL_PREFIX
10: #define PRI_CONFTEST_PREFIX PRI_LL_PREFIX
11: LONG_LONG
12: #else
13: #define PRI_CONFTEST_PREFIX "l"
14: long
15: #endif
16: conftest_type;
17: conftest_type conftest_const = (conftest_type)(sizeof((*rbcv_ptr_)));
18: int main() {printf("%"PRI_CONFTEST_PREFIX"u\n", conftest_const); return 0;}
/* end */

--------------------

check_sizeof: checking size of __m64... -------------------- failed

"clang -arch x86_64 -I../../../.ext/include/x86_64-darwin -I/Users/hiro/Library/Caches/CocoaPods/Pods/External/CRuby/193c1c8340a477e394e63f996e6fccdb/ruby/include -I/Users/hiro/Library/Caches/CocoaPods/Pods/External/CRuby/193c1c8340a477e394e63f996e6fccdb/ruby/ext/rbconfig/sizeof -pipe -Os -isysroot /Applications/Xcode.app/Contents/Developer/Platforms/iPhoneSimulator.platform/Developer/SDKs/iPhoneSimulator10.1.sdk -miphoneos-version-min=7.0 -D_XOPEN_SOURCE -D_DARWIN_C_SOURCE -D_DARWIN_UNLIMITED_SELECT -D_REENTRANT   -pipe -Os -isysroot /Applications/Xcode.app/Contents/Developer/Platforms/iPhoneSimulator.platform/Developer/SDKs/iPhoneSimulator10.1.sdk -miphoneos-version-min=7.0 -fvisibility=hidden  -arch x86_64  -c conftest.c"
conftest.c:3:9: error: unknown type name '__m64'
typedef __m64 rbcv_typedef_;
        ^
conftest.c:7:20: error: 'conftest_const' declared as an array with a negative size
int conftest_const[(sizeof((*rbcv_ptr_)) < 0) ? 1 : -1];
                   ^~~~~~~~~~~~~~~~~~~~~~~~~~~~~~~~~~~
2 errors generated.
checked program was:
/* begin */
1: #include "ruby.h"
2: 
3: typedef __m64 rbcv_typedef_;
4: rbcv_typedef_ *rbcv_ptr_;
5: 
6: /*top*/
7: int conftest_const[(sizeof((*rbcv_ptr_)) < 0) ? 1 : -1];
/* end */

"clang -arch x86_64 -o conftest -I../../../.ext/include/x86_64-darwin -I/Users/hiro/Library/Caches/CocoaPods/Pods/External/CRuby/193c1c8340a477e394e63f996e6fccdb/ruby/include -I/Users/hiro/Library/Caches/CocoaPods/Pods/External/CRuby/193c1c8340a477e394e63f996e6fccdb/ruby/ext/rbconfig/sizeof -pipe -Os -isysroot /Applications/Xcode.app/Contents/Developer/Platforms/iPhoneSimulator.platform/Developer/SDKs/iPhoneSimulator10.1.sdk -miphoneos-version-min=7.0 -D_XOPEN_SOURCE -D_DARWIN_C_SOURCE -D_DARWIN_UNLIMITED_SELECT -D_REENTRANT   -pipe -Os -isysroot /Applications/Xcode.app/Contents/Developer/Platforms/iPhoneSimulator.platform/Developer/SDKs/iPhoneSimulator10.1.sdk -miphoneos-version-min=7.0 -fvisibility=hidden conftest.c  -L. -L../../.. -L. -pipe -Os -isysroot /Applications/Xcode.app/Contents/Developer/Platforms/iPhoneSimulator.platform/Developer/SDKs/iPhoneSimulator10.1.sdk -miphoneos-version-min=7.0 -L/Applications/Xcode.app/Contents/Developer/Platforms/iPhoneSimulator.platform/Developer/SDKs/iPhoneSimulator10.1.sdk/usr/lib -lSystem -fstack-protector -L/usr/local/lib   -arch x86_64   -lruby-static -framework CoreFoundation  -lpthread -ldl -lobjc "
conftest.c:3:9: error: unknown type name '__m64'
typedef __m64 rbcv_typedef_;
        ^
1 error generated.
checked program was:
/* begin */
 1: #include "ruby.h"
 2: 
 3: typedef __m64 rbcv_typedef_;
 4: rbcv_typedef_ *rbcv_ptr_;
 5: 
 6: #include <stdio.h>
 7: /*top*/
 8: typedef unsigned
 9: #ifdef PRI_LL_PREFIX
10: #define PRI_CONFTEST_PREFIX PRI_LL_PREFIX
11: LONG_LONG
12: #else
13: #define PRI_CONFTEST_PREFIX "l"
14: long
15: #endif
16: conftest_type;
17: conftest_type conftest_const = (conftest_type)(sizeof((*rbcv_ptr_)));
18: int main() {printf("%"PRI_CONFTEST_PREFIX"u\n", conftest_const); return 0;}
/* end */

--------------------

check_sizeof: checking size of __m128... -------------------- failed

"clang -arch x86_64 -I../../../.ext/include/x86_64-darwin -I/Users/hiro/Library/Caches/CocoaPods/Pods/External/CRuby/193c1c8340a477e394e63f996e6fccdb/ruby/include -I/Users/hiro/Library/Caches/CocoaPods/Pods/External/CRuby/193c1c8340a477e394e63f996e6fccdb/ruby/ext/rbconfig/sizeof -pipe -Os -isysroot /Applications/Xcode.app/Contents/Developer/Platforms/iPhoneSimulator.platform/Developer/SDKs/iPhoneSimulator10.1.sdk -miphoneos-version-min=7.0 -D_XOPEN_SOURCE -D_DARWIN_C_SOURCE -D_DARWIN_UNLIMITED_SELECT -D_REENTRANT   -pipe -Os -isysroot /Applications/Xcode.app/Contents/Developer/Platforms/iPhoneSimulator.platform/Developer/SDKs/iPhoneSimulator10.1.sdk -miphoneos-version-min=7.0 -fvisibility=hidden  -arch x86_64  -c conftest.c"
conftest.c:3:9: error: unknown type name '__m128'
typedef __m128 rbcv_typedef_;
        ^
conftest.c:7:20: error: 'conftest_const' declared as an array with a negative size
int conftest_const[(sizeof((*rbcv_ptr_)) < 0) ? 1 : -1];
                   ^~~~~~~~~~~~~~~~~~~~~~~~~~~~~~~~~~~
2 errors generated.
checked program was:
/* begin */
1: #include "ruby.h"
2: 
3: typedef __m128 rbcv_typedef_;
4: rbcv_typedef_ *rbcv_ptr_;
5: 
6: /*top*/
7: int conftest_const[(sizeof((*rbcv_ptr_)) < 0) ? 1 : -1];
/* end */

"clang -arch x86_64 -o conftest -I../../../.ext/include/x86_64-darwin -I/Users/hiro/Library/Caches/CocoaPods/Pods/External/CRuby/193c1c8340a477e394e63f996e6fccdb/ruby/include -I/Users/hiro/Library/Caches/CocoaPods/Pods/External/CRuby/193c1c8340a477e394e63f996e6fccdb/ruby/ext/rbconfig/sizeof -pipe -Os -isysroot /Applications/Xcode.app/Contents/Developer/Platforms/iPhoneSimulator.platform/Developer/SDKs/iPhoneSimulator10.1.sdk -miphoneos-version-min=7.0 -D_XOPEN_SOURCE -D_DARWIN_C_SOURCE -D_DARWIN_UNLIMITED_SELECT -D_REENTRANT   -pipe -Os -isysroot /Applications/Xcode.app/Contents/Developer/Platforms/iPhoneSimulator.platform/Developer/SDKs/iPhoneSimulator10.1.sdk -miphoneos-version-min=7.0 -fvisibility=hidden conftest.c  -L. -L../../.. -L. -pipe -Os -isysroot /Applications/Xcode.app/Contents/Developer/Platforms/iPhoneSimulator.platform/Developer/SDKs/iPhoneSimulator10.1.sdk -miphoneos-version-min=7.0 -L/Applications/Xcode.app/Contents/Developer/Platforms/iPhoneSimulator.platform/Developer/SDKs/iPhoneSimulator10.1.sdk/usr/lib -lSystem -fstack-protector -L/usr/local/lib   -arch x86_64   -lruby-static -framework CoreFoundation  -lpthread -ldl -lobjc "
conftest.c:3:9: error: unknown type name '__m128'
typedef __m128 rbcv_typedef_;
        ^
1 error generated.
checked program was:
/* begin */
 1: #include "ruby.h"
 2: 
 3: typedef __m128 rbcv_typedef_;
 4: rbcv_typedef_ *rbcv_ptr_;
 5: 
 6: #include <stdio.h>
 7: /*top*/
 8: typedef unsigned
 9: #ifdef PRI_LL_PREFIX
10: #define PRI_CONFTEST_PREFIX PRI_LL_PREFIX
11: LONG_LONG
12: #else
13: #define PRI_CONFTEST_PREFIX "l"
14: long
15: #endif
16: conftest_type;
17: conftest_type conftest_const = (conftest_type)(sizeof((*rbcv_ptr_)));
18: int main() {printf("%"PRI_CONFTEST_PREFIX"u\n", conftest_const); return 0;}
/* end */

--------------------

check_sizeof: checking size of __float80... -------------------- failed

"clang -arch x86_64 -I../../../.ext/include/x86_64-darwin -I/Users/hiro/Library/Caches/CocoaPods/Pods/External/CRuby/193c1c8340a477e394e63f996e6fccdb/ruby/include -I/Users/hiro/Library/Caches/CocoaPods/Pods/External/CRuby/193c1c8340a477e394e63f996e6fccdb/ruby/ext/rbconfig/sizeof -pipe -Os -isysroot /Applications/Xcode.app/Contents/Developer/Platforms/iPhoneSimulator.platform/Developer/SDKs/iPhoneSimulator10.1.sdk -miphoneos-version-min=7.0 -D_XOPEN_SOURCE -D_DARWIN_C_SOURCE -D_DARWIN_UNLIMITED_SELECT -D_REENTRANT   -pipe -Os -isysroot /Applications/Xcode.app/Contents/Developer/Platforms/iPhoneSimulator.platform/Developer/SDKs/iPhoneSimulator10.1.sdk -miphoneos-version-min=7.0 -fvisibility=hidden  -arch x86_64  -c conftest.c"
conftest.c:3:9: error: unknown type name '__float80'
typedef __float80 rbcv_typedef_;
        ^
conftest.c:7:20: error: 'conftest_const' declared as an array with a negative size
int conftest_const[(sizeof((*rbcv_ptr_)) < 0) ? 1 : -1];
                   ^~~~~~~~~~~~~~~~~~~~~~~~~~~~~~~~~~~
2 errors generated.
checked program was:
/* begin */
1: #include "ruby.h"
2: 
3: typedef __float80 rbcv_typedef_;
4: rbcv_typedef_ *rbcv_ptr_;
5: 
6: /*top*/
7: int conftest_const[(sizeof((*rbcv_ptr_)) < 0) ? 1 : -1];
/* end */

"clang -arch x86_64 -o conftest -I../../../.ext/include/x86_64-darwin -I/Users/hiro/Library/Caches/CocoaPods/Pods/External/CRuby/193c1c8340a477e394e63f996e6fccdb/ruby/include -I/Users/hiro/Library/Caches/CocoaPods/Pods/External/CRuby/193c1c8340a477e394e63f996e6fccdb/ruby/ext/rbconfig/sizeof -pipe -Os -isysroot /Applications/Xcode.app/Contents/Developer/Platforms/iPhoneSimulator.platform/Developer/SDKs/iPhoneSimulator10.1.sdk -miphoneos-version-min=7.0 -D_XOPEN_SOURCE -D_DARWIN_C_SOURCE -D_DARWIN_UNLIMITED_SELECT -D_REENTRANT   -pipe -Os -isysroot /Applications/Xcode.app/Contents/Developer/Platforms/iPhoneSimulator.platform/Developer/SDKs/iPhoneSimulator10.1.sdk -miphoneos-version-min=7.0 -fvisibility=hidden conftest.c  -L. -L../../.. -L. -pipe -Os -isysroot /Applications/Xcode.app/Contents/Developer/Platforms/iPhoneSimulator.platform/Developer/SDKs/iPhoneSimulator10.1.sdk -miphoneos-version-min=7.0 -L/Applications/Xcode.app/Contents/Developer/Platforms/iPhoneSimulator.platform/Developer/SDKs/iPhoneSimulator10.1.sdk/usr/lib -lSystem -fstack-protector -L/usr/local/lib   -arch x86_64   -lruby-static -framework CoreFoundation  -lpthread -ldl -lobjc "
conftest.c:3:9: error: unknown type name '__float80'
typedef __float80 rbcv_typedef_;
        ^
1 error generated.
checked program was:
/* begin */
 1: #include "ruby.h"
 2: 
 3: typedef __float80 rbcv_typedef_;
 4: rbcv_typedef_ *rbcv_ptr_;
 5: 
 6: #include <stdio.h>
 7: /*top*/
 8: typedef unsigned
 9: #ifdef PRI_LL_PREFIX
10: #define PRI_CONFTEST_PREFIX PRI_LL_PREFIX
11: LONG_LONG
12: #else
13: #define PRI_CONFTEST_PREFIX "l"
14: long
15: #endif
16: conftest_type;
17: conftest_type conftest_const = (conftest_type)(sizeof((*rbcv_ptr_)));
18: int main() {printf("%"PRI_CONFTEST_PREFIX"u\n", conftest_const); return 0;}
/* end */

--------------------

extconf.h is:
/* begin */
 1: #ifndef EXTCONF_H
 2: #define EXTCONF_H
 3: #define SIZEOF_INT_LEAST8_T 1
 4: #define SIZEOF_INT_LEAST16_T 2
 5: #define SIZEOF_INT_LEAST32_T 4
 6: #define SIZEOF_INT_LEAST64_T 8
 7: #define SIZEOF_INT_FAST8_T 1
 8: #define SIZEOF_INT_FAST16_T 2
 9: #define SIZEOF_INT_FAST32_T 4
10: #define SIZEOF_INT_FAST64_T 8
11: #define SIZEOF_INTMAX_T 8
12: #define SIZEOF_SIG_ATOMIC_T 4
13: #define SIZEOF_WCHAR_T 4
14: #define SIZEOF_WINT_T 4
15: #define SIZEOF_WCTRANS_T 4
16: #define SIZEOF_WCTYPE_T 4
17: #define SIZEOF__BOOL 1
18: #define SIZEOF_LONG_DOUBLE 16
19: #define SIZEOF_FLOAT__COMPLEX 8
20: #define SIZEOF_DOUBLE__COMPLEX 16
21: #define SIZEOF_LONG_DOUBLE__COMPLEX 32
22: #define SIZEOF___INT128 16
23: #define RUBY_EXPORT 1
24: #endif
/* end */

